{"numFailedTestSuites":5,"numFailedTests":17,"numPassedTestSuites":64,"numPassedTests":684,"numPendingTestSuites":0,"numPendingTests":0,"numRuntimeErrorTestSuites":0,"numTodoTests":0,"numTotalTestSuites":69,"numTotalTests":701,"openHandles":[],"snapshot":{"added":0,"didUpdate":false,"failure":false,"filesAdded":0,"filesRemoved":0,"filesRemovedList":[],"filesUnmatched":0,"filesUpdated":0,"matched":0,"total":0,"unchecked":0,"uncheckedKeysByFile":[],"unmatched":0,"updated":0},"startTime":1774405656426,"success":false,"testResults":[{"assertionResults":[{"ancestorTitles":["streamMessageFormatter","buildModeModelLines"],"duration":27,"failing":false,"failureDetails":[{"matcherResult":{"actual":["Chế độ hiện tại: Fast","Mô hình: Gemini 3.1 Pro (High)"],"expected":["Current Mode: Fast","Model: Gemini 3.1 Pro (High)"],"message":"\u001b[2mexpect(\u001b[22m\u001b[31mreceived\u001b[39m\u001b[2m).\u001b[22mtoEqual\u001b[2m(\u001b[22m\u001b[32mexpected\u001b[39m\u001b[2m) // deep equality\u001b[22m\n\n\u001b[32m- Expected  - 2\u001b[39m\n\u001b[31m+ Received  + 2\u001b[39m\n\n\u001b[2m  Array [\u001b[22m\n\u001b[32m-   \"Current Mode: Fast\",\u001b[39m\n\u001b[32m-   \"Model: Gemini 3.1 Pro (High)\",\u001b[39m\n\u001b[31m+   \"Chế độ hiện tại: Fast\",\u001b[39m\n\u001b[31m+   \"Mô hình: Gemini 3.1 Pro (High)\",\u001b[39m\n\u001b[2m  ]\u001b[22m","name":"toEqual","pass":false}}],"failureMessages":["Error: \u001b[2mexpect(\u001b[22m\u001b[31mreceived\u001b[39m\u001b[2m).\u001b[22mtoEqual\u001b[2m(\u001b[22m\u001b[32mexpected\u001b[39m\u001b[2m) // deep equality\u001b[22m\n\n\u001b[32m- Expected  - 2\u001b[39m\n\u001b[31m+ Received  + 2\u001b[39m\n\n\u001b[2m  Array [\u001b[22m\n\u001b[32m-   \"Current Mode: Fast\",\u001b[39m\n\u001b[32m-   \"Model: Gemini 3.1 Pro (High)\",\u001b[39m\n\u001b[31m+   \"Chế độ hiện tại: Fast\",\u001b[39m\n\u001b[31m+   \"Mô hình: Gemini 3.1 Pro (High)\",\u001b[39m\n\u001b[2m  ]\u001b[22m\n    at Object.<anonymous> (/Users/mac/Code/remoat/tests/utils/streamMessageFormatter.test.ts:12:27)\n    at Promise.finally.completed (/Users/mac/Code/remoat/node_modules/jest-circus/build/jestAdapterInit.js:1557:28)\n    at new Promise (<anonymous>)\n    at callAsyncCircusFn (/Users/mac/Code/remoat/node_modules/jest-circus/build/jestAdapterInit.js:1497:10)\n    at _callCircusTest (/Users/mac/Code/remoat/node_modules/jest-circus/build/jestAdapterInit.js:1007:40)\n    at processTicksAndRejections (node:internal/process/task_queues:105:5)\n    at _runTest (/Users/mac/Code/remoat/node_modules/jest-circus/build/jestAdapterInit.js:947:3)\n    at /Users/mac/Code/remoat/node_modules/jest-circus/build/jestAdapterInit.js:849:7\n    at _runTestsForDescribeBlock (/Users/mac/Code/remoat/node_modules/jest-circus/build/jestAdapterInit.js:862:11)\n    at _runTestsForDescribeBlock (/Users/mac/Code/remoat/node_modules/jest-circus/build/jestAdapterInit.js:857:11)\n    at _runTestsForDescribeBlock (/Users/mac/Code/remoat/node_modules/jest-circus/build/jestAdapterInit.js:857:11)\n    at run (/Users/mac/Code/remoat/node_modules/jest-circus/build/jestAdapterInit.js:761:3)\n    at runAndTransformResultsToJestFormat (/Users/mac/Code/remoat/node_modules/jest-circus/build/jestAdapterInit.js:1918:21)\n    at jestAdapter (/Users/mac/Code/remoat/node_modules/jest-circus/build/runner.js:101:19)\n    at runTestInternal (/Users/mac/Code/remoat/node_modules/jest-runner/build/testWorker.js:275:16)\n    at runTest (/Users/mac/Code/remoat/node_modules/jest-runner/build/testWorker.js:343:7)\n    at Object.worker (/Users/mac/Code/remoat/node_modules/jest-runner/build/testWorker.js:497:12)"],"fullName":"streamMessageFormatter buildModeModelLines consolidates into a single line when both models are the same","invocations":1,"location":null,"numPassingAsserts":0,"retryReasons":[],"startAt":1774405669713,"status":"failed","title":"consolidates into a single line when both models are the same"},{"ancestorTitles":["streamMessageFormatter","buildModeModelLines"],"duration":28,"failing":false,"failureDetails":[{"matcherResult":{"actual":["Chế độ hiện tại: Planning","Mô hình Nhanh: Claude Opus 4.6","Mô hình Kế hoạch: Gemini 3.1 Pro"],"expected":["Current Mode: Planning","Fast Model: Claude Opus 4.6","Plan Model: Gemini 3.1 Pro"],"message":"\u001b[2mexpect(\u001b[22m\u001b[31mreceived\u001b[39m\u001b[2m).\u001b[22mtoEqual\u001b[2m(\u001b[22m\u001b[32mexpected\u001b[39m\u001b[2m) // deep equality\u001b[22m\n\n\u001b[32m- Expected  - 3\u001b[39m\n\u001b[31m+ Received  + 3\u001b[39m\n\n\u001b[2m  Array [\u001b[22m\n\u001b[32m-   \"Current Mode: Planning\",\u001b[39m\n\u001b[32m-   \"Fast Model: Claude Opus 4.6\",\u001b[39m\n\u001b[32m-   \"Plan Model: Gemini 3.1 Pro\",\u001b[39m\n\u001b[31m+   \"Chế độ hiện tại: Planning\",\u001b[39m\n\u001b[31m+   \"Mô hình Nhanh: Claude Opus 4.6\",\u001b[39m\n\u001b[31m+   \"Mô hình Kế hoạch: Gemini 3.1 Pro\",\u001b[39m\n\u001b[2m  ]\u001b[22m","name":"toEqual","pass":false}}],"failureMessages":["Error: \u001b[2mexpect(\u001b[22m\u001b[31mreceived\u001b[39m\u001b[2m).\u001b[22mtoEqual\u001b[2m(\u001b[22m\u001b[32mexpected\u001b[39m\u001b[2m) // deep equality\u001b[22m\n\n\u001b[32m- Expected  - 3\u001b[39m\n\u001b[31m+ Received  + 3\u001b[39m\n\n\u001b[2m  Array [\u001b[22m\n\u001b[32m-   \"Current Mode: Planning\",\u001b[39m\n\u001b[32m-   \"Fast Model: Claude Opus 4.6\",\u001b[39m\n\u001b[32m-   \"Plan Model: Gemini 3.1 Pro\",\u001b[39m\n\u001b[31m+   \"Chế độ hiện tại: Planning\",\u001b[39m\n\u001b[31m+   \"Mô hình Nhanh: Claude Opus 4.6\",\u001b[39m\n\u001b[31m+   \"Mô hình Kế hoạch: Gemini 3.1 Pro\",\u001b[39m\n\u001b[2m  ]\u001b[22m\n    at Object.<anonymous> (/Users/mac/Code/remoat/tests/utils/streamMessageFormatter.test.ts:20:27)\n    at Promise.finally.completed (/Users/mac/Code/remoat/node_modules/jest-circus/build/jestAdapterInit.js:1557:28)\n    at new Promise (<anonymous>)\n    at callAsyncCircusFn (/Users/mac/Code/remoat/node_modules/jest-circus/build/jestAdapterInit.js:1497:10)\n    at _callCircusTest (/Users/mac/Code/remoat/node_modules/jest-circus/build/jestAdapterInit.js:1007:40)\n    at processTicksAndRejections (node:internal/process/task_queues:105:5)\n    at _runTest (/Users/mac/Code/remoat/node_modules/jest-circus/build/jestAdapterInit.js:947:3)\n    at /Users/mac/Code/remoat/node_modules/jest-circus/build/jestAdapterInit.js:849:7\n    at _runTestsForDescribeBlock (/Users/mac/Code/remoat/node_modules/jest-circus/build/jestAdapterInit.js:862:11)\n    at _runTestsForDescribeBlock (/Users/mac/Code/remoat/node_modules/jest-circus/build/jestAdapterInit.js:857:11)\n    at _runTestsForDescribeBlock (/Users/mac/Code/remoat/node_modules/jest-circus/build/jestAdapterInit.js:857:11)\n    at run (/Users/mac/Code/remoat/node_modules/jest-circus/build/jestAdapterInit.js:761:3)\n    at runAndTransformResultsToJestFormat (/Users/mac/Code/remoat/node_modules/jest-circus/build/jestAdapterInit.js:1918:21)\n    at jestAdapter (/Users/mac/Code/remoat/node_modules/jest-circus/build/runner.js:101:19)\n    at runTestInternal (/Users/mac/Code/remoat/node_modules/jest-runner/build/testWorker.js:275:16)\n    at runTest (/Users/mac/Code/remoat/node_modules/jest-runner/build/testWorker.js:343:7)\n    at Object.worker (/Users/mac/Code/remoat/node_modules/jest-runner/build/testWorker.js:497:12)"],"fullName":"streamMessageFormatter buildModeModelLines shows both Fast and Plan models when they differ","invocations":1,"location":null,"numPassingAsserts":0,"retryReasons":[],"startAt":1774405669755,"status":"failed","title":"shows both Fast and Plan models when they differ"},{"ancestorTitles":["streamMessageFormatter","shouldSkipActivityLog"],"duration":1,"failing":false,"failureDetails":[],"failureMessages":[],"fullName":"streamMessageFormatter shouldSkipActivityLog filters out duplicate logs that only contain mode/model names","invocations":1,"location":null,"numPassingAsserts":2,"retryReasons":[],"startAt":1774405669785,"status":"passed","title":"filters out duplicate logs that only contain mode/model names"},{"ancestorTitles":["streamMessageFormatter","shouldSkipActivityLog"],"duration":1,"failing":false,"failureDetails":[],"failureMessages":[],"fullName":"streamMessageFormatter shouldSkipActivityLog filters out generic status logs like Generating","invocations":1,"location":null,"numPassingAsserts":2,"retryReasons":[],"startAt":1774405669786,"status":"passed","title":"filters out generic status logs like Generating"},{"ancestorTitles":["streamMessageFormatter","shouldSkipActivityLog"],"duration":0,"failing":false,"failureDetails":[],"failureMessages":[],"fullName":"streamMessageFormatter shouldSkipActivityLog filters out ambiguous single-word activity logs","invocations":1,"location":null,"numPassingAsserts":3,"retryReasons":[],"startAt":1774405669787,"status":"passed","title":"filters out ambiguous single-word activity logs"},{"ancestorTitles":["streamMessageFormatter","shouldSkipActivityLog"],"duration":0,"failing":false,"failureDetails":[],"failureMessages":[],"fullName":"streamMessageFormatter shouldSkipActivityLog filters out analyzed-type scan logs","invocations":1,"location":null,"numPassingAsserts":2,"retryReasons":[],"startAt":1774405669788,"status":"passed","title":"filters out analyzed-type scan logs"},{"ancestorTitles":["streamMessageFormatter","shouldSkipActivityLog"],"duration":1,"failing":false,"failureDetails":[],"failureMessages":[],"fullName":"streamMessageFormatter shouldSkipActivityLog does not filter out logs describing actual execution","invocations":1,"location":null,"numPassingAsserts":1,"retryReasons":[],"startAt":1774405669788,"status":"passed","title":"does not filter out logs describing actual execution"},{"ancestorTitles":["streamMessageFormatter","splitForEmbedDescription"],"duration":1,"failing":false,"failureDetails":[],"failureMessages":[],"fullName":"streamMessageFormatter splitForEmbedDescription splits long text at the limit while preserving content","invocations":1,"location":null,"numPassingAsserts":5,"retryReasons":[],"startAt":1774405669789,"status":"passed","title":"splits long text at the limit while preserving content"},{"ancestorTitles":["streamMessageFormatter","fitForSingleEmbedDescription"],"duration":1,"failing":false,"failureDetails":[],"failureMessages":[],"fullName":"streamMessageFormatter fitForSingleEmbedDescription returns text as-is when within the limit","invocations":1,"location":null,"numPassingAsserts":1,"retryReasons":[],"startAt":1774405669790,"status":"passed","title":"returns text as-is when within the limit"},{"ancestorTitles":["streamMessageFormatter","fitForSingleEmbedDescription"],"duration":1,"failing":false,"failureDetails":[{"matcherResult":{"actual":false,"expected":true,"message":"\u001b[2mexpect(\u001b[22m\u001b[31mreceived\u001b[39m\u001b[2m).\u001b[22mtoBe\u001b[2m(\u001b[22m\u001b[32mexpected\u001b[39m\u001b[2m) // Object.is equality\u001b[22m\n\nExpected: \u001b[32mtrue\u001b[39m\nReceived: \u001b[31mfalse\u001b[39m","name":"toBe","pass":false}}],"failureMessages":["Error: \u001b[2mexpect(\u001b[22m\u001b[31mreceived\u001b[39m\u001b[2m).\u001b[22mtoBe\u001b[2m(\u001b[22m\u001b[32mexpected\u001b[39m\u001b[2m) // Object.is equality\u001b[22m\n\nExpected: \u001b[32mtrue\u001b[39m\nReceived: \u001b[31mfalse\u001b[39m\n    at Object.<anonymous> (/Users/mac/Code/remoat/tests/utils/streamMessageFormatter.test.ts:79:68)\n    at Promise.finally.completed (/Users/mac/Code/remoat/node_modules/jest-circus/build/jestAdapterInit.js:1557:28)\n    at new Promise (<anonymous>)\n    at callAsyncCircusFn (/Users/mac/Code/remoat/node_modules/jest-circus/build/jestAdapterInit.js:1497:10)\n    at _callCircusTest (/Users/mac/Code/remoat/node_modules/jest-circus/build/jestAdapterInit.js:1007:40)\n    at processTicksAndRejections (node:internal/process/task_queues:105:5)\n    at _runTest (/Users/mac/Code/remoat/node_modules/jest-circus/build/jestAdapterInit.js:947:3)\n    at /Users/mac/Code/remoat/node_modules/jest-circus/build/jestAdapterInit.js:849:7\n    at _runTestsForDescribeBlock (/Users/mac/Code/remoat/node_modules/jest-circus/build/jestAdapterInit.js:862:11)\n    at _runTestsForDescribeBlock (/Users/mac/Code/remoat/node_modules/jest-circus/build/jestAdapterInit.js:857:11)\n    at _runTestsForDescribeBlock (/Users/mac/Code/remoat/node_modules/jest-circus/build/jestAdapterInit.js:857:11)\n    at run (/Users/mac/Code/remoat/node_modules/jest-circus/build/jestAdapterInit.js:761:3)\n    at runAndTransformResultsToJestFormat (/Users/mac/Code/remoat/node_modules/jest-circus/build/jestAdapterInit.js:1918:21)\n    at jestAdapter (/Users/mac/Code/remoat/node_modules/jest-circus/build/runner.js:101:19)\n    at runTestInternal (/Users/mac/Code/remoat/node_modules/jest-runner/build/testWorker.js:275:16)\n    at runTest (/Users/mac/Code/remoat/node_modules/jest-runner/build/testWorker.js:343:7)\n    at Object.worker (/Users/mac/Code/remoat/node_modules/jest-runner/build/testWorker.js:497:12)"],"fullName":"streamMessageFormatter fitForSingleEmbedDescription truncates the beginning to fit within the limit when exceeded","invocations":1,"location":null,"numPassingAsserts":1,"retryReasons":[],"startAt":1774405669791,"status":"failed","title":"truncates the beginning to fit within the limit when exceeded"}],"endTime":1774405669847,"message":"\u001b[1m\u001b[31m  \u001b[1m● \u001b[22m\u001b[1mstreamMessageFormatter › buildModeModelLines › consolidates into a single line when both models are the same\u001b[39m\u001b[22m\n\n    \u001b[2mexpect(\u001b[22m\u001b[31mreceived\u001b[39m\u001b[2m).\u001b[22mtoEqual\u001b[2m(\u001b[22m\u001b[32mexpected\u001b[39m\u001b[2m) // deep equality\u001b[22m\n\n    \u001b[32m- Expected  - 2\u001b[39m\n    \u001b[31m+ Received  + 2\u001b[39m\n\n    \u001b[2m  Array [\u001b[22m\n    \u001b[32m-   \"Current Mode: Fast\",\u001b[39m\n    \u001b[32m-   \"Model: Gemini 3.1 Pro (High)\",\u001b[39m\n    \u001b[31m+   \"Chế độ hiện tại: Fast\",\u001b[39m\n    \u001b[31m+   \"Mô hình: Gemini 3.1 Pro (High)\",\u001b[39m\n    \u001b[2m  ]\u001b[22m\n\u001b[2m\u001b[22m\n\u001b[2m    \u001b[0m \u001b[90m 10 |\u001b[39m         it(\u001b[32m'consolidates into a single line when both models are the same'\u001b[39m\u001b[33m,\u001b[39m () \u001b[33m=>\u001b[39m {\u001b[22m\n\u001b[2m     \u001b[90m 11 |\u001b[39m             \u001b[36mconst\u001b[39m lines \u001b[33m=\u001b[39m buildModeModelLines(\u001b[32m'Fast'\u001b[39m\u001b[33m,\u001b[39m \u001b[32m'Gemini 3.1 Pro (High)'\u001b[39m\u001b[33m,\u001b[39m \u001b[32m'Gemini 3.1 Pro (High)'\u001b[39m)\u001b[33m;\u001b[39m\u001b[22m\n\u001b[2m    \u001b[31m\u001b[1m>\u001b[22m\u001b[2m\u001b[39m\u001b[90m 12 |\u001b[39m             expect(lines)\u001b[33m.\u001b[39mtoEqual([\u001b[22m\n\u001b[2m     \u001b[90m    |\u001b[39m                           \u001b[31m\u001b[1m^\u001b[22m\u001b[2m\u001b[39m\u001b[22m\n\u001b[2m     \u001b[90m 13 |\u001b[39m                 \u001b[32m'Current Mode: Fast'\u001b[39m\u001b[33m,\u001b[39m\u001b[22m\n\u001b[2m     \u001b[90m 14 |\u001b[39m                 \u001b[32m'Model: Gemini 3.1 Pro (High)'\u001b[39m\u001b[33m,\u001b[39m\u001b[22m\n\u001b[2m     \u001b[90m 15 |\u001b[39m             ])\u001b[33m;\u001b[39m\u001b[0m\u001b[22m\n\u001b[2m\u001b[22m\n\u001b[2m      \u001b[2mat Object.<anonymous> (\u001b[22m\u001b[2m\u001b[0m\u001b[36mtests/utils/streamMessageFormatter.test.ts\u001b[39m\u001b[0m\u001b[2m:12:27)\u001b[22m\u001b[2m\u001b[22m\n\n\u001b[1m\u001b[31m  \u001b[1m● \u001b[22m\u001b[1mstreamMessageFormatter › buildModeModelLines › shows both Fast and Plan models when they differ\u001b[39m\u001b[22m\n\n    \u001b[2mexpect(\u001b[22m\u001b[31mreceived\u001b[39m\u001b[2m).\u001b[22mtoEqual\u001b[2m(\u001b[22m\u001b[32mexpected\u001b[39m\u001b[2m) // deep equality\u001b[22m\n\n    \u001b[32m- Expected  - 3\u001b[39m\n    \u001b[31m+ Received  + 3\u001b[39m\n\n    \u001b[2m  Array [\u001b[22m\n    \u001b[32m-   \"Current Mode: Planning\",\u001b[39m\n    \u001b[32m-   \"Fast Model: Claude Opus 4.6\",\u001b[39m\n    \u001b[32m-   \"Plan Model: Gemini 3.1 Pro\",\u001b[39m\n    \u001b[31m+   \"Chế độ hiện tại: Planning\",\u001b[39m\n    \u001b[31m+   \"Mô hình Nhanh: Claude Opus 4.6\",\u001b[39m\n    \u001b[31m+   \"Mô hình Kế hoạch: Gemini 3.1 Pro\",\u001b[39m\n    \u001b[2m  ]\u001b[22m\n\u001b[2m\u001b[22m\n\u001b[2m    \u001b[0m \u001b[90m 18 |\u001b[39m         it(\u001b[32m'shows both Fast and Plan models when they differ'\u001b[39m\u001b[33m,\u001b[39m () \u001b[33m=>\u001b[39m {\u001b[22m\n\u001b[2m     \u001b[90m 19 |\u001b[39m             \u001b[36mconst\u001b[39m lines \u001b[33m=\u001b[39m buildModeModelLines(\u001b[32m'Planning'\u001b[39m\u001b[33m,\u001b[39m \u001b[32m'Claude Opus 4.6'\u001b[39m\u001b[33m,\u001b[39m \u001b[32m'Gemini 3.1 Pro'\u001b[39m)\u001b[33m;\u001b[39m\u001b[22m\n\u001b[2m    \u001b[31m\u001b[1m>\u001b[22m\u001b[2m\u001b[39m\u001b[90m 20 |\u001b[39m             expect(lines)\u001b[33m.\u001b[39mtoEqual([\u001b[22m\n\u001b[2m     \u001b[90m    |\u001b[39m                           \u001b[31m\u001b[1m^\u001b[22m\u001b[2m\u001b[39m\u001b[22m\n\u001b[2m     \u001b[90m 21 |\u001b[39m                 \u001b[32m'Current Mode: Planning'\u001b[39m\u001b[33m,\u001b[39m\u001b[22m\n\u001b[2m     \u001b[90m 22 |\u001b[39m                 \u001b[32m'Fast Model: Claude Opus 4.6'\u001b[39m\u001b[33m,\u001b[39m\u001b[22m\n\u001b[2m     \u001b[90m 23 |\u001b[39m                 \u001b[32m'Plan Model: Gemini 3.1 Pro'\u001b[39m\u001b[33m,\u001b[39m\u001b[0m\u001b[22m\n\u001b[2m\u001b[22m\n\u001b[2m      \u001b[2mat Object.<anonymous> (\u001b[22m\u001b[2m\u001b[0m\u001b[36mtests/utils/streamMessageFormatter.test.ts\u001b[39m\u001b[0m\u001b[2m:20:27)\u001b[22m\u001b[2m\u001b[22m\n\n\u001b[1m\u001b[31m  \u001b[1m● \u001b[22m\u001b[1mstreamMessageFormatter › fitForSingleEmbedDescription › truncates the beginning to fit within the limit when exceeded\u001b[39m\u001b[22m\n\n    \u001b[2mexpect(\u001b[22m\u001b[31mreceived\u001b[39m\u001b[2m).\u001b[22mtoBe\u001b[2m(\u001b[22m\u001b[32mexpected\u001b[39m\u001b[2m) // Object.is equality\u001b[22m\n\n    Expected: \u001b[32mtrue\u001b[39m\n    Received: \u001b[31mfalse\u001b[39m\n\u001b[2m\u001b[22m\n\u001b[2m    \u001b[0m \u001b[90m 77 |\u001b[39m\u001b[22m\n\u001b[2m     \u001b[90m 78 |\u001b[39m             expect(fitted\u001b[33m.\u001b[39mlength)\u001b[33m.\u001b[39mtoBeLessThanOrEqual(\u001b[35m120\u001b[39m)\u001b[33m;\u001b[39m\u001b[22m\n\u001b[2m    \u001b[31m\u001b[1m>\u001b[22m\u001b[2m\u001b[39m\u001b[90m 79 |\u001b[39m             expect(fitted\u001b[33m.\u001b[39mstartsWith(\u001b[32m'... (beginning truncated)'\u001b[39m))\u001b[33m.\u001b[39mtoBe(\u001b[36mtrue\u001b[39m)\u001b[33m;\u001b[39m\u001b[22m\n\u001b[2m     \u001b[90m    |\u001b[39m                                                                    \u001b[31m\u001b[1m^\u001b[22m\u001b[2m\u001b[39m\u001b[22m\n\u001b[2m     \u001b[90m 80 |\u001b[39m             expect(fitted)\u001b[33m.\u001b[39mtoContain(\u001b[32m'b'\u001b[39m\u001b[33m.\u001b[39mrepeat(\u001b[35m40\u001b[39m))\u001b[33m;\u001b[39m\u001b[22m\n\u001b[2m     \u001b[90m 81 |\u001b[39m         })\u001b[33m;\u001b[39m\u001b[22m\n\u001b[2m     \u001b[90m 82 |\u001b[39m     })\u001b[33m;\u001b[39m\u001b[0m\u001b[22m\n\u001b[2m\u001b[22m\n\u001b[2m      \u001b[2mat Object.<anonymous> (\u001b[22m\u001b[2m\u001b[0m\u001b[36mtests/utils/streamMessageFormatter.test.ts\u001b[39m\u001b[0m\u001b[2m:79:68)\u001b[22m\u001b[2m\u001b[22m\n","name":"/Users/mac/Code/remoat/tests/utils/streamMessageFormatter.test.ts","startTime":1774405657567,"status":"failed","summary":""},{"assertionResults":[{"ancestorTitles":["sessionPickerUi","isSessionSelectId"],"duration":5,"failing":false,"failureDetails":[],"failureMessages":[],"fullName":"sessionPickerUi isSessionSelectId matches session_select custom ID prefix","invocations":1,"location":null,"numPassingAsserts":1,"retryReasons":[],"startAt":1774405669705,"status":"passed","title":"matches session_select custom ID prefix"},{"ancestorTitles":["sessionPickerUi","isSessionSelectId"],"duration":0,"failing":false,"failureDetails":[],"failureMessages":[],"fullName":"sessionPickerUi isSessionSelectId matches exact session_select custom ID","invocations":1,"location":null,"numPassingAsserts":1,"retryReasons":[],"startAt":1774405669711,"status":"passed","title":"matches exact session_select custom ID"},{"ancestorTitles":["sessionPickerUi","isSessionSelectId"],"duration":1,"failing":false,"failureDetails":[],"failureMessages":[],"fullName":"sessionPickerUi isSessionSelectId does not match unrelated custom IDs","invocations":1,"location":null,"numPassingAsserts":3,"retryReasons":[],"startAt":1774405669711,"status":"passed","title":"does not match unrelated custom IDs"},{"ancestorTitles":["sessionPickerUi","buildSessionPickerUI"],"duration":1,"failing":false,"failureDetails":[],"failureMessages":[],"fullName":"sessionPickerUi buildSessionPickerUI returns text and keyboard for multiple sessions","invocations":1,"location":null,"numPassingAsserts":2,"retryReasons":[],"startAt":1774405669712,"status":"passed","title":"returns text and keyboard for multiple sessions"},{"ancestorTitles":["sessionPickerUi","buildSessionPickerUI"],"duration":102,"failing":false,"failureDetails":[{"matcherResult":{"message":"\u001b[2mexpect(\u001b[22m\u001b[31mreceived\u001b[39m\u001b[2m).\u001b[22mtoContain\u001b[2m(\u001b[22m\u001b[32mexpected\u001b[39m\u001b[2m) // indexOf\u001b[22m\n\nExpected substring: \u001b[32m\"No sessions\"\u001b[39m\nReceived string:    \u001b[31m\"<b>🔗 Tham gia phiên</b>·\u001b[39m\n\u001b[31mKhông tìm thấy phiên nào trong bảng điều khiển của Antigravity.\"\u001b[39m","pass":false}}],"failureMessages":["Error: \u001b[2mexpect(\u001b[22m\u001b[31mreceived\u001b[39m\u001b[2m).\u001b[22mtoContain\u001b[2m(\u001b[22m\u001b[32mexpected\u001b[39m\u001b[2m) // indexOf\u001b[22m\n\nExpected substring: \u001b[32m\"No sessions\"\u001b[39m\nReceived string:    \u001b[31m\"<b>🔗 Tham gia phiên</b>·\u001b[39m\n\u001b[31mKhông tìm thấy phiên nào trong bảng điều khiển của Antigravity.\"\u001b[39m\n    at Object.<anonymous> (/Users/mac/Code/remoat/tests/ui/sessionPickerUi.test.ts:42:26)\n    at Promise.finally.completed (/Users/mac/Code/remoat/node_modules/jest-circus/build/jestAdapterInit.js:1557:28)\n    at new Promise (<anonymous>)\n    at callAsyncCircusFn (/Users/mac/Code/remoat/node_modules/jest-circus/build/jestAdapterInit.js:1497:10)\n    at _callCircusTest (/Users/mac/Code/remoat/node_modules/jest-circus/build/jestAdapterInit.js:1007:40)\n    at processTicksAndRejections (node:internal/process/task_queues:105:5)\n    at _runTest (/Users/mac/Code/remoat/node_modules/jest-circus/build/jestAdapterInit.js:947:3)\n    at /Users/mac/Code/remoat/node_modules/jest-circus/build/jestAdapterInit.js:849:7\n    at _runTestsForDescribeBlock (/Users/mac/Code/remoat/node_modules/jest-circus/build/jestAdapterInit.js:862:11)\n    at _runTestsForDescribeBlock (/Users/mac/Code/remoat/node_modules/jest-circus/build/jestAdapterInit.js:857:11)\n    at _runTestsForDescribeBlock (/Users/mac/Code/remoat/node_modules/jest-circus/build/jestAdapterInit.js:857:11)\n    at run (/Users/mac/Code/remoat/node_modules/jest-circus/build/jestAdapterInit.js:761:3)\n    at runAndTransformResultsToJestFormat (/Users/mac/Code/remoat/node_modules/jest-circus/build/jestAdapterInit.js:1918:21)\n    at jestAdapter (/Users/mac/Code/remoat/node_modules/jest-circus/build/runner.js:101:19)\n    at runTestInternal (/Users/mac/Code/remoat/node_modules/jest-runner/build/testWorker.js:275:16)\n    at runTest (/Users/mac/Code/remoat/node_modules/jest-runner/build/testWorker.js:343:7)\n    at Object.worker (/Users/mac/Code/remoat/node_modules/jest-runner/build/testWorker.js:497:12)"],"fullName":"sessionPickerUi buildSessionPickerUI returns empty keyboard for zero sessions","invocations":1,"location":null,"numPassingAsserts":0,"retryReasons":[],"startAt":1774405669714,"status":"failed","title":"returns empty keyboard for zero sessions"},{"ancestorTitles":["sessionPickerUi","buildSessionPickerUI"],"duration":1,"failing":false,"failureDetails":[],"failureMessages":[],"fullName":"sessionPickerUi buildSessionPickerUI truncates sessions to 25-item limit","invocations":1,"location":null,"numPassingAsserts":1,"retryReasons":[],"startAt":1774405669845,"status":"passed","title":"truncates sessions to 25-item limit"}],"endTime":1774405669934,"message":"\u001b[1m\u001b[31m  \u001b[1m● \u001b[22m\u001b[1msessionPickerUi › buildSessionPickerUI › returns empty keyboard for zero sessions\u001b[39m\u001b[22m\n\n    \u001b[2mexpect(\u001b[22m\u001b[31mreceived\u001b[39m\u001b[2m).\u001b[22mtoContain\u001b[2m(\u001b[22m\u001b[32mexpected\u001b[39m\u001b[2m) // indexOf\u001b[22m\n\n    Expected substring: \u001b[32m\"No sessions\"\u001b[39m\n    Received string:    \u001b[31m\"<b>🔗 Tham gia phiên</b>·\u001b[39m\n    \u001b[31mKhông tìm thấy phiên nào trong bảng điều khiển của Antigravity.\"\u001b[39m\n\u001b[2m\u001b[22m\n\u001b[2m    \u001b[0m \u001b[90m 40 |\u001b[39m             \u001b[36mconst\u001b[39m { text\u001b[33m,\u001b[39m keyboard } \u001b[33m=\u001b[39m buildSessionPickerUI([])\u001b[33m;\u001b[39m\u001b[22m\n\u001b[2m     \u001b[90m 41 |\u001b[39m\u001b[22m\n\u001b[2m    \u001b[31m\u001b[1m>\u001b[22m\u001b[2m\u001b[39m\u001b[90m 42 |\u001b[39m             expect(text)\u001b[33m.\u001b[39mtoContain(\u001b[32m'No sessions'\u001b[39m)\u001b[33m;\u001b[39m\u001b[22m\n\u001b[2m     \u001b[90m    |\u001b[39m                          \u001b[31m\u001b[1m^\u001b[22m\u001b[2m\u001b[39m\u001b[22m\n\u001b[2m     \u001b[90m 43 |\u001b[39m             expect(keyboard)\u001b[33m.\u001b[39mtoBeDefined()\u001b[33m;\u001b[39m\u001b[22m\n\u001b[2m     \u001b[90m 44 |\u001b[39m         })\u001b[33m;\u001b[39m\u001b[22m\n\u001b[2m     \u001b[90m 45 |\u001b[39m\u001b[0m\u001b[22m\n\u001b[2m\u001b[22m\n\u001b[2m      \u001b[2mat Object.<anonymous> (\u001b[22m\u001b[2m\u001b[0m\u001b[36mtests/ui/sessionPickerUi.test.ts\u001b[39m\u001b[0m\u001b[2m:42:26)\u001b[22m\u001b[2m\u001b[22m\n","name":"/Users/mac/Code/remoat/tests/ui/sessionPickerUi.test.ts","startTime":1774405657599,"status":"failed","summary":""},{"assertionResults":[{"ancestorTitles":["Config"],"duration":101,"failing":false,"failureDetails":[],"failureMessages":[],"fullName":"Config throws an error if TELEGRAM_BOT_TOKEN is missing","invocations":1,"location":null,"numPassingAsserts":1,"retryReasons":[],"startAt":1774405670032,"status":"passed","title":"throws an error if TELEGRAM_BOT_TOKEN is missing"},{"ancestorTitles":["Config"],"duration":1,"failing":false,"failureDetails":[],"failureMessages":[],"fullName":"Config throws an error if ALLOWED_USER_IDS is missing","invocations":1,"location":null,"numPassingAsserts":1,"retryReasons":[],"startAt":1774405670134,"status":"passed","title":"throws an error if ALLOWED_USER_IDS is missing"},{"ancestorTitles":["Config"],"duration":2,"failing":false,"failureDetails":[{}],"failureMessages":["Error: Missing required config: ALLOWED_USER_IDS\n    at mergeConfig (/Users/mac/Code/remoat/src/utils/configLoader.ts:76:15)\n    at Object.load (/Users/mac/Code/remoat/src/utils/configLoader.ts:189:16)\n    at Object.load (/Users/mac/Code/remoat/tests/config.test.ts:9:45)\n    at loadConfig (/Users/mac/Code/remoat/src/utils/config.ts:23:25)\n    at Object.<anonymous> (/Users/mac/Code/remoat/tests/config.test.ts:43:34)\n    at Promise.finally.completed (/Users/mac/Code/remoat/node_modules/jest-circus/build/jestAdapterInit.js:1557:28)\n    at new Promise (<anonymous>)\n    at callAsyncCircusFn (/Users/mac/Code/remoat/node_modules/jest-circus/build/jestAdapterInit.js:1497:10)\n    at _callCircusTest (/Users/mac/Code/remoat/node_modules/jest-circus/build/jestAdapterInit.js:1007:40)\n    at processTicksAndRejections (node:internal/process/task_queues:105:5)\n    at _runTest (/Users/mac/Code/remoat/node_modules/jest-circus/build/jestAdapterInit.js:947:3)\n    at /Users/mac/Code/remoat/node_modules/jest-circus/build/jestAdapterInit.js:849:7\n    at _runTestsForDescribeBlock (/Users/mac/Code/remoat/node_modules/jest-circus/build/jestAdapterInit.js:862:11)\n    at _runTestsForDescribeBlock (/Users/mac/Code/remoat/node_modules/jest-circus/build/jestAdapterInit.js:857:11)\n    at run (/Users/mac/Code/remoat/node_modules/jest-circus/build/jestAdapterInit.js:761:3)\n    at runAndTransformResultsToJestFormat (/Users/mac/Code/remoat/node_modules/jest-circus/build/jestAdapterInit.js:1918:21)\n    at jestAdapter (/Users/mac/Code/remoat/node_modules/jest-circus/build/runner.js:101:19)\n    at runTestInternal (/Users/mac/Code/remoat/node_modules/jest-runner/build/testWorker.js:275:16)\n    at runTest (/Users/mac/Code/remoat/node_modules/jest-runner/build/testWorker.js:343:7)\n    at Object.worker (/Users/mac/Code/remoat/node_modules/jest-runner/build/testWorker.js:497:12)"],"fullName":"Config returns valid config if all required variables are set","invocations":1,"location":null,"numPassingAsserts":0,"retryReasons":[],"startAt":1774405670135,"status":"failed","title":"returns valid config if all required variables are set"},{"ancestorTitles":["Config"],"duration":1,"failing":false,"failureDetails":[{}],"failureMessages":["Error: Missing required config: ALLOWED_USER_IDS\n    at mergeConfig (/Users/mac/Code/remoat/src/utils/configLoader.ts:76:15)\n    at Object.load (/Users/mac/Code/remoat/src/utils/configLoader.ts:189:16)\n    at Object.load (/Users/mac/Code/remoat/tests/config.test.ts:9:45)\n    at loadConfig (/Users/mac/Code/remoat/src/utils/config.ts:23:25)\n    at Object.<anonymous> (/Users/mac/Code/remoat/tests/config.test.ts:54:34)\n    at Promise.finally.completed (/Users/mac/Code/remoat/node_modules/jest-circus/build/jestAdapterInit.js:1557:28)\n    at new Promise (<anonymous>)\n    at callAsyncCircusFn (/Users/mac/Code/remoat/node_modules/jest-circus/build/jestAdapterInit.js:1497:10)\n    at _callCircusTest (/Users/mac/Code/remoat/node_modules/jest-circus/build/jestAdapterInit.js:1007:40)\n    at processTicksAndRejections (node:internal/process/task_queues:105:5)\n    at _runTest (/Users/mac/Code/remoat/node_modules/jest-circus/build/jestAdapterInit.js:947:3)\n    at /Users/mac/Code/remoat/node_modules/jest-circus/build/jestAdapterInit.js:849:7\n    at _runTestsForDescribeBlock (/Users/mac/Code/remoat/node_modules/jest-circus/build/jestAdapterInit.js:862:11)\n    at _runTestsForDescribeBlock (/Users/mac/Code/remoat/node_modules/jest-circus/build/jestAdapterInit.js:857:11)\n    at run (/Users/mac/Code/remoat/node_modules/jest-circus/build/jestAdapterInit.js:761:3)\n    at runAndTransformResultsToJestFormat (/Users/mac/Code/remoat/node_modules/jest-circus/build/jestAdapterInit.js:1918:21)\n    at jestAdapter (/Users/mac/Code/remoat/node_modules/jest-circus/build/runner.js:101:19)\n    at runTestInternal (/Users/mac/Code/remoat/node_modules/jest-runner/build/testWorker.js:275:16)\n    at runTest (/Users/mac/Code/remoat/node_modules/jest-runner/build/testWorker.js:343:7)\n    at Object.worker (/Users/mac/Code/remoat/node_modules/jest-runner/build/testWorker.js:497:12)"],"fullName":"Config returns default workspace base dir if not set","invocations":1,"location":null,"numPassingAsserts":0,"retryReasons":[],"startAt":1774405670137,"status":"failed","title":"returns default workspace base dir if not set"},{"ancestorTitles":["Config"],"duration":1,"failing":false,"failureDetails":[{}],"failureMessages":["Error: Missing required config: ALLOWED_USER_IDS\n    at mergeConfig (/Users/mac/Code/remoat/src/utils/configLoader.ts:76:15)\n    at Object.load (/Users/mac/Code/remoat/src/utils/configLoader.ts:189:16)\n    at Object.load (/Users/mac/Code/remoat/tests/config.test.ts:9:45)\n    at loadConfig (/Users/mac/Code/remoat/src/utils/config.ts:23:25)\n    at Object.<anonymous> (/Users/mac/Code/remoat/tests/config.test.ts:64:34)\n    at Promise.finally.completed (/Users/mac/Code/remoat/node_modules/jest-circus/build/jestAdapterInit.js:1557:28)\n    at new Promise (<anonymous>)\n    at callAsyncCircusFn (/Users/mac/Code/remoat/node_modules/jest-circus/build/jestAdapterInit.js:1497:10)\n    at _callCircusTest (/Users/mac/Code/remoat/node_modules/jest-circus/build/jestAdapterInit.js:1007:40)\n    at processTicksAndRejections (node:internal/process/task_queues:105:5)\n    at _runTest (/Users/mac/Code/remoat/node_modules/jest-circus/build/jestAdapterInit.js:947:3)\n    at /Users/mac/Code/remoat/node_modules/jest-circus/build/jestAdapterInit.js:849:7\n    at _runTestsForDescribeBlock (/Users/mac/Code/remoat/node_modules/jest-circus/build/jestAdapterInit.js:862:11)\n    at _runTestsForDescribeBlock (/Users/mac/Code/remoat/node_modules/jest-circus/build/jestAdapterInit.js:857:11)\n    at run (/Users/mac/Code/remoat/node_modules/jest-circus/build/jestAdapterInit.js:761:3)\n    at runAndTransformResultsToJestFormat (/Users/mac/Code/remoat/node_modules/jest-circus/build/jestAdapterInit.js:1918:21)\n    at jestAdapter (/Users/mac/Code/remoat/node_modules/jest-circus/build/runner.js:101:19)\n    at runTestInternal (/Users/mac/Code/remoat/node_modules/jest-runner/build/testWorker.js:275:16)\n    at runTest (/Users/mac/Code/remoat/node_modules/jest-runner/build/testWorker.js:343:7)\n    at Object.worker (/Users/mac/Code/remoat/node_modules/jest-runner/build/testWorker.js:497:12)"],"fullName":"Config defaults useTopics to true when not set","invocations":1,"location":null,"numPassingAsserts":0,"retryReasons":[],"startAt":1774405670139,"status":"failed","title":"defaults useTopics to true when not set"},{"ancestorTitles":["Config"],"duration":1,"failing":false,"failureDetails":[{}],"failureMessages":["Error: Missing required config: ALLOWED_USER_IDS\n    at mergeConfig (/Users/mac/Code/remoat/src/utils/configLoader.ts:76:15)\n    at Object.load (/Users/mac/Code/remoat/src/utils/configLoader.ts:189:16)\n    at Object.load (/Users/mac/Code/remoat/tests/config.test.ts:9:45)\n    at loadConfig (/Users/mac/Code/remoat/src/utils/config.ts:23:25)\n    at Object.<anonymous> (/Users/mac/Code/remoat/tests/config.test.ts:73:34)\n    at Promise.finally.completed (/Users/mac/Code/remoat/node_modules/jest-circus/build/jestAdapterInit.js:1557:28)\n    at new Promise (<anonymous>)\n    at callAsyncCircusFn (/Users/mac/Code/remoat/node_modules/jest-circus/build/jestAdapterInit.js:1497:10)\n    at _callCircusTest (/Users/mac/Code/remoat/node_modules/jest-circus/build/jestAdapterInit.js:1007:40)\n    at processTicksAndRejections (node:internal/process/task_queues:105:5)\n    at _runTest (/Users/mac/Code/remoat/node_modules/jest-circus/build/jestAdapterInit.js:947:3)\n    at /Users/mac/Code/remoat/node_modules/jest-circus/build/jestAdapterInit.js:849:7\n    at _runTestsForDescribeBlock (/Users/mac/Code/remoat/node_modules/jest-circus/build/jestAdapterInit.js:862:11)\n    at _runTestsForDescribeBlock (/Users/mac/Code/remoat/node_modules/jest-circus/build/jestAdapterInit.js:857:11)\n    at run (/Users/mac/Code/remoat/node_modules/jest-circus/build/jestAdapterInit.js:761:3)\n    at runAndTransformResultsToJestFormat (/Users/mac/Code/remoat/node_modules/jest-circus/build/jestAdapterInit.js:1918:21)\n    at jestAdapter (/Users/mac/Code/remoat/node_modules/jest-circus/build/runner.js:101:19)\n    at runTestInternal (/Users/mac/Code/remoat/node_modules/jest-runner/build/testWorker.js:275:16)\n    at runTest (/Users/mac/Code/remoat/node_modules/jest-runner/build/testWorker.js:343:7)\n    at Object.worker (/Users/mac/Code/remoat/node_modules/jest-runner/build/testWorker.js:497:12)"],"fullName":"Config disables useTopics when set to false","invocations":1,"location":null,"numPassingAsserts":0,"retryReasons":[],"startAt":1774405670141,"status":"failed","title":"disables useTopics when set to false"},{"ancestorTitles":["Config"],"duration":38,"failing":false,"failureDetails":[{}],"failureMessages":["Error: Missing required config: ALLOWED_USER_IDS\n    at mergeConfig (/Users/mac/Code/remoat/src/utils/configLoader.ts:76:15)\n    at Object.load (/Users/mac/Code/remoat/src/utils/configLoader.ts:189:16)\n    at Object.load (/Users/mac/Code/remoat/tests/config.test.ts:9:45)\n    at loadConfig (/Users/mac/Code/remoat/src/utils/config.ts:23:25)\n    at Object.<anonymous> (/Users/mac/Code/remoat/tests/config.test.ts:82:34)\n    at Promise.finally.completed (/Users/mac/Code/remoat/node_modules/jest-circus/build/jestAdapterInit.js:1557:28)\n    at new Promise (<anonymous>)\n    at callAsyncCircusFn (/Users/mac/Code/remoat/node_modules/jest-circus/build/jestAdapterInit.js:1497:10)\n    at _callCircusTest (/Users/mac/Code/remoat/node_modules/jest-circus/build/jestAdapterInit.js:1007:40)\n    at processTicksAndRejections (node:internal/process/task_queues:105:5)\n    at _runTest (/Users/mac/Code/remoat/node_modules/jest-circus/build/jestAdapterInit.js:947:3)\n    at /Users/mac/Code/remoat/node_modules/jest-circus/build/jestAdapterInit.js:849:7\n    at _runTestsForDescribeBlock (/Users/mac/Code/remoat/node_modules/jest-circus/build/jestAdapterInit.js:862:11)\n    at _runTestsForDescribeBlock (/Users/mac/Code/remoat/node_modules/jest-circus/build/jestAdapterInit.js:857:11)\n    at run (/Users/mac/Code/remoat/node_modules/jest-circus/build/jestAdapterInit.js:761:3)\n    at runAndTransformResultsToJestFormat (/Users/mac/Code/remoat/node_modules/jest-circus/build/jestAdapterInit.js:1918:21)\n    at jestAdapter (/Users/mac/Code/remoat/node_modules/jest-circus/build/runner.js:101:19)\n    at runTestInternal (/Users/mac/Code/remoat/node_modules/jest-runner/build/testWorker.js:275:16)\n    at runTest (/Users/mac/Code/remoat/node_modules/jest-runner/build/testWorker.js:343:7)\n    at Object.worker (/Users/mac/Code/remoat/node_modules/jest-runner/build/testWorker.js:497:12)"],"fullName":"Config defaults AUTO_APPROVE_FILE_EDITS to false when not set","invocations":1,"location":null,"numPassingAsserts":0,"retryReasons":[],"startAt":1774405670142,"status":"failed","title":"defaults AUTO_APPROVE_FILE_EDITS to false when not set"},{"ancestorTitles":["Config"],"duration":4,"failing":false,"failureDetails":[{}],"failureMessages":["Error: Missing required config: ALLOWED_USER_IDS\n    at mergeConfig (/Users/mac/Code/remoat/src/utils/configLoader.ts:76:15)\n    at Object.load (/Users/mac/Code/remoat/src/utils/configLoader.ts:189:16)\n    at Object.load (/Users/mac/Code/remoat/tests/config.test.ts:9:45)\n    at loadConfig (/Users/mac/Code/remoat/src/utils/config.ts:23:25)\n    at Object.<anonymous> (/Users/mac/Code/remoat/tests/config.test.ts:91:34)\n    at Promise.finally.completed (/Users/mac/Code/remoat/node_modules/jest-circus/build/jestAdapterInit.js:1557:28)\n    at new Promise (<anonymous>)\n    at callAsyncCircusFn (/Users/mac/Code/remoat/node_modules/jest-circus/build/jestAdapterInit.js:1497:10)\n    at _callCircusTest (/Users/mac/Code/remoat/node_modules/jest-circus/build/jestAdapterInit.js:1007:40)\n    at processTicksAndRejections (node:internal/process/task_queues:105:5)\n    at _runTest (/Users/mac/Code/remoat/node_modules/jest-circus/build/jestAdapterInit.js:947:3)\n    at /Users/mac/Code/remoat/node_modules/jest-circus/build/jestAdapterInit.js:849:7\n    at _runTestsForDescribeBlock (/Users/mac/Code/remoat/node_modules/jest-circus/build/jestAdapterInit.js:862:11)\n    at _runTestsForDescribeBlock (/Users/mac/Code/remoat/node_modules/jest-circus/build/jestAdapterInit.js:857:11)\n    at run (/Users/mac/Code/remoat/node_modules/jest-circus/build/jestAdapterInit.js:761:3)\n    at runAndTransformResultsToJestFormat (/Users/mac/Code/remoat/node_modules/jest-circus/build/jestAdapterInit.js:1918:21)\n    at jestAdapter (/Users/mac/Code/remoat/node_modules/jest-circus/build/runner.js:101:19)\n    at runTestInternal (/Users/mac/Code/remoat/node_modules/jest-runner/build/testWorker.js:275:16)\n    at runTest (/Users/mac/Code/remoat/node_modules/jest-runner/build/testWorker.js:343:7)\n    at Object.worker (/Users/mac/Code/remoat/node_modules/jest-runner/build/testWorker.js:497:12)"],"fullName":"Config enables AUTO_APPROVE_FILE_EDITS when set to true","invocations":1,"location":null,"numPassingAsserts":0,"retryReasons":[],"startAt":1774405670182,"status":"failed","title":"enables AUTO_APPROVE_FILE_EDITS when set to true"},{"ancestorTitles":["Config"],"duration":1,"failing":false,"failureDetails":[],"failureMessages":[],"fullName":"Config returns stream as the only supported delivery mode","invocations":1,"location":null,"numPassingAsserts":1,"retryReasons":[],"startAt":1774405670186,"status":"passed","title":"returns stream as the only supported delivery mode"}],"endTime":1774405670353,"message":"\u001b[1m\u001b[31m  \u001b[1m● \u001b[22m\u001b[1mConfig › returns valid config if all required variables are set\u001b[39m\u001b[22m\n\n    Missing required config: ALLOWED_USER_IDS\n\u001b[2m\u001b[22m\n\u001b[2m    \u001b[0m \u001b[90m 74 |\u001b[39m     \u001b[36mconst\u001b[39m allowedUserIds \u001b[33m=\u001b[39m resolveAllowedUserIds(persisted)\u001b[33m;\u001b[39m\u001b[22m\n\u001b[2m     \u001b[90m 75 |\u001b[39m     \u001b[36mif\u001b[39m (allowedUserIds\u001b[33m.\u001b[39mlength \u001b[33m===\u001b[39m \u001b[35m0\u001b[39m) {\u001b[22m\n\u001b[2m    \u001b[31m\u001b[1m>\u001b[22m\u001b[2m\u001b[39m\u001b[90m 76 |\u001b[39m         \u001b[36mthrow\u001b[39m \u001b[36mnew\u001b[39m \u001b[33mError\u001b[39m(\u001b[32m'Missing required config: ALLOWED_USER_IDS'\u001b[39m)\u001b[33m;\u001b[39m\u001b[22m\n\u001b[2m     \u001b[90m    |\u001b[39m               \u001b[31m\u001b[1m^\u001b[22m\u001b[2m\u001b[39m\u001b[22m\n\u001b[2m     \u001b[90m 77 |\u001b[39m     }\u001b[22m\n\u001b[2m     \u001b[90m 78 |\u001b[39m\u001b[22m\n\u001b[2m     \u001b[90m 79 |\u001b[39m     \u001b[36mconst\u001b[39m defaultDir \u001b[33m=\u001b[39m path\u001b[33m.\u001b[39mjoin(os\u001b[33m.\u001b[39mhomedir()\u001b[33m,\u001b[39m \u001b[32m'Code'\u001b[39m)\u001b[33m;\u001b[39m\u001b[0m\u001b[22m\n\u001b[2m\u001b[22m\n\u001b[2m      \u001b[2mat mergeConfig (\u001b[22m\u001b[2msrc/utils/configLoader.ts\u001b[2m:76:15)\u001b[22m\u001b[2m\u001b[22m\n\u001b[2m      \u001b[2mat Object.load (\u001b[22m\u001b[2msrc/utils/configLoader.ts\u001b[2m:189:16)\u001b[22m\u001b[2m\u001b[22m\n\u001b[2m      \u001b[2mat Object.load (\u001b[22m\u001b[2m\u001b[0m\u001b[36mtests/config.test.ts\u001b[39m\u001b[0m\u001b[2m:9:45)\u001b[22m\u001b[2m\u001b[22m\n\u001b[2m      \u001b[2mat loadConfig (\u001b[22m\u001b[2msrc/utils/config.ts\u001b[2m:23:25)\u001b[22m\u001b[2m\u001b[22m\n\u001b[2m      \u001b[2mat Object.<anonymous> (\u001b[22m\u001b[2m\u001b[0m\u001b[36mtests/config.test.ts\u001b[39m\u001b[0m\u001b[2m:43:34)\u001b[22m\u001b[2m\u001b[22m\n\n\u001b[1m\u001b[31m  \u001b[1m● \u001b[22m\u001b[1mConfig › returns default workspace base dir if not set\u001b[39m\u001b[22m\n\n    Missing required config: ALLOWED_USER_IDS\n\u001b[2m\u001b[22m\n\u001b[2m    \u001b[0m \u001b[90m 74 |\u001b[39m     \u001b[36mconst\u001b[39m allowedUserIds \u001b[33m=\u001b[39m resolveAllowedUserIds(persisted)\u001b[33m;\u001b[39m\u001b[22m\n\u001b[2m     \u001b[90m 75 |\u001b[39m     \u001b[36mif\u001b[39m (allowedUserIds\u001b[33m.\u001b[39mlength \u001b[33m===\u001b[39m \u001b[35m0\u001b[39m) {\u001b[22m\n\u001b[2m    \u001b[31m\u001b[1m>\u001b[22m\u001b[2m\u001b[39m\u001b[90m 76 |\u001b[39m         \u001b[36mthrow\u001b[39m \u001b[36mnew\u001b[39m \u001b[33mError\u001b[39m(\u001b[32m'Missing required config: ALLOWED_USER_IDS'\u001b[39m)\u001b[33m;\u001b[39m\u001b[22m\n\u001b[2m     \u001b[90m    |\u001b[39m               \u001b[31m\u001b[1m^\u001b[22m\u001b[2m\u001b[39m\u001b[22m\n\u001b[2m     \u001b[90m 77 |\u001b[39m     }\u001b[22m\n\u001b[2m     \u001b[90m 78 |\u001b[39m\u001b[22m\n\u001b[2m     \u001b[90m 79 |\u001b[39m     \u001b[36mconst\u001b[39m defaultDir \u001b[33m=\u001b[39m path\u001b[33m.\u001b[39mjoin(os\u001b[33m.\u001b[39mhomedir()\u001b[33m,\u001b[39m \u001b[32m'Code'\u001b[39m)\u001b[33m;\u001b[39m\u001b[0m\u001b[22m\n\u001b[2m\u001b[22m\n\u001b[2m      \u001b[2mat mergeConfig (\u001b[22m\u001b[2msrc/utils/configLoader.ts\u001b[2m:76:15)\u001b[22m\u001b[2m\u001b[22m\n\u001b[2m      \u001b[2mat Object.load (\u001b[22m\u001b[2msrc/utils/configLoader.ts\u001b[2m:189:16)\u001b[22m\u001b[2m\u001b[22m\n\u001b[2m      \u001b[2mat Object.load (\u001b[22m\u001b[2m\u001b[0m\u001b[36mtests/config.test.ts\u001b[39m\u001b[0m\u001b[2m:9:45)\u001b[22m\u001b[2m\u001b[22m\n\u001b[2m      \u001b[2mat loadConfig (\u001b[22m\u001b[2msrc/utils/config.ts\u001b[2m:23:25)\u001b[22m\u001b[2m\u001b[22m\n\u001b[2m      \u001b[2mat Object.<anonymous> (\u001b[22m\u001b[2m\u001b[0m\u001b[36mtests/config.test.ts\u001b[39m\u001b[0m\u001b[2m:54:34)\u001b[22m\u001b[2m\u001b[22m\n\n\u001b[1m\u001b[31m  \u001b[1m● \u001b[22m\u001b[1mConfig › defaults useTopics to true when not set\u001b[39m\u001b[22m\n\n    Missing required config: ALLOWED_USER_IDS\n\u001b[2m\u001b[22m\n\u001b[2m    \u001b[0m \u001b[90m 74 |\u001b[39m     \u001b[36mconst\u001b[39m allowedUserIds \u001b[33m=\u001b[39m resolveAllowedUserIds(persisted)\u001b[33m;\u001b[39m\u001b[22m\n\u001b[2m     \u001b[90m 75 |\u001b[39m     \u001b[36mif\u001b[39m (allowedUserIds\u001b[33m.\u001b[39mlength \u001b[33m===\u001b[39m \u001b[35m0\u001b[39m) {\u001b[22m\n\u001b[2m    \u001b[31m\u001b[1m>\u001b[22m\u001b[2m\u001b[39m\u001b[90m 76 |\u001b[39m         \u001b[36mthrow\u001b[39m \u001b[36mnew\u001b[39m \u001b[33mError\u001b[39m(\u001b[32m'Missing required config: ALLOWED_USER_IDS'\u001b[39m)\u001b[33m;\u001b[39m\u001b[22m\n\u001b[2m     \u001b[90m    |\u001b[39m               \u001b[31m\u001b[1m^\u001b[22m\u001b[2m\u001b[39m\u001b[22m\n\u001b[2m     \u001b[90m 77 |\u001b[39m     }\u001b[22m\n\u001b[2m     \u001b[90m 78 |\u001b[39m\u001b[22m\n\u001b[2m     \u001b[90m 79 |\u001b[39m     \u001b[36mconst\u001b[39m defaultDir \u001b[33m=\u001b[39m path\u001b[33m.\u001b[39mjoin(os\u001b[33m.\u001b[39mhomedir()\u001b[33m,\u001b[39m \u001b[32m'Code'\u001b[39m)\u001b[33m;\u001b[39m\u001b[0m\u001b[22m\n\u001b[2m\u001b[22m\n\u001b[2m      \u001b[2mat mergeConfig (\u001b[22m\u001b[2msrc/utils/configLoader.ts\u001b[2m:76:15)\u001b[22m\u001b[2m\u001b[22m\n\u001b[2m      \u001b[2mat Object.load (\u001b[22m\u001b[2msrc/utils/configLoader.ts\u001b[2m:189:16)\u001b[22m\u001b[2m\u001b[22m\n\u001b[2m      \u001b[2mat Object.load (\u001b[22m\u001b[2m\u001b[0m\u001b[36mtests/config.test.ts\u001b[39m\u001b[0m\u001b[2m:9:45)\u001b[22m\u001b[2m\u001b[22m\n\u001b[2m      \u001b[2mat loadConfig (\u001b[22m\u001b[2msrc/utils/config.ts\u001b[2m:23:25)\u001b[22m\u001b[2m\u001b[22m\n\u001b[2m      \u001b[2mat Object.<anonymous> (\u001b[22m\u001b[2m\u001b[0m\u001b[36mtests/config.test.ts\u001b[39m\u001b[0m\u001b[2m:64:34)\u001b[22m\u001b[2m\u001b[22m\n\n\u001b[1m\u001b[31m  \u001b[1m● \u001b[22m\u001b[1mConfig › disables useTopics when set to false\u001b[39m\u001b[22m\n\n    Missing required config: ALLOWED_USER_IDS\n\u001b[2m\u001b[22m\n\u001b[2m    \u001b[0m \u001b[90m 74 |\u001b[39m     \u001b[36mconst\u001b[39m allowedUserIds \u001b[33m=\u001b[39m resolveAllowedUserIds(persisted)\u001b[33m;\u001b[39m\u001b[22m\n\u001b[2m     \u001b[90m 75 |\u001b[39m     \u001b[36mif\u001b[39m (allowedUserIds\u001b[33m.\u001b[39mlength \u001b[33m===\u001b[39m \u001b[35m0\u001b[39m) {\u001b[22m\n\u001b[2m    \u001b[31m\u001b[1m>\u001b[22m\u001b[2m\u001b[39m\u001b[90m 76 |\u001b[39m         \u001b[36mthrow\u001b[39m \u001b[36mnew\u001b[39m \u001b[33mError\u001b[39m(\u001b[32m'Missing required config: ALLOWED_USER_IDS'\u001b[39m)\u001b[33m;\u001b[39m\u001b[22m\n\u001b[2m     \u001b[90m    |\u001b[39m               \u001b[31m\u001b[1m^\u001b[22m\u001b[2m\u001b[39m\u001b[22m\n\u001b[2m     \u001b[90m 77 |\u001b[39m     }\u001b[22m\n\u001b[2m     \u001b[90m 78 |\u001b[39m\u001b[22m\n\u001b[2m     \u001b[90m 79 |\u001b[39m     \u001b[36mconst\u001b[39m defaultDir \u001b[33m=\u001b[39m path\u001b[33m.\u001b[39mjoin(os\u001b[33m.\u001b[39mhomedir()\u001b[33m,\u001b[39m \u001b[32m'Code'\u001b[39m)\u001b[33m;\u001b[39m\u001b[0m\u001b[22m\n\u001b[2m\u001b[22m\n\u001b[2m      \u001b[2mat mergeConfig (\u001b[22m\u001b[2msrc/utils/configLoader.ts\u001b[2m:76:15)\u001b[22m\u001b[2m\u001b[22m\n\u001b[2m      \u001b[2mat Object.load (\u001b[22m\u001b[2msrc/utils/configLoader.ts\u001b[2m:189:16)\u001b[22m\u001b[2m\u001b[22m\n\u001b[2m      \u001b[2mat Object.load (\u001b[22m\u001b[2m\u001b[0m\u001b[36mtests/config.test.ts\u001b[39m\u001b[0m\u001b[2m:9:45)\u001b[22m\u001b[2m\u001b[22m\n\u001b[2m      \u001b[2mat loadConfig (\u001b[22m\u001b[2msrc/utils/config.ts\u001b[2m:23:25)\u001b[22m\u001b[2m\u001b[22m\n\u001b[2m      \u001b[2mat Object.<anonymous> (\u001b[22m\u001b[2m\u001b[0m\u001b[36mtests/config.test.ts\u001b[39m\u001b[0m\u001b[2m:73:34)\u001b[22m\u001b[2m\u001b[22m\n\n\u001b[1m\u001b[31m  \u001b[1m● \u001b[22m\u001b[1mConfig › defaults AUTO_APPROVE_FILE_EDITS to false when not set\u001b[39m\u001b[22m\n\n    Missing required config: ALLOWED_USER_IDS\n\u001b[2m\u001b[22m\n\u001b[2m    \u001b[0m \u001b[90m 74 |\u001b[39m     \u001b[36mconst\u001b[39m allowedUserIds \u001b[33m=\u001b[39m resolveAllowedUserIds(persisted)\u001b[33m;\u001b[39m\u001b[22m\n\u001b[2m     \u001b[90m 75 |\u001b[39m     \u001b[36mif\u001b[39m (allowedUserIds\u001b[33m.\u001b[39mlength \u001b[33m===\u001b[39m \u001b[35m0\u001b[39m) {\u001b[22m\n\u001b[2m    \u001b[31m\u001b[1m>\u001b[22m\u001b[2m\u001b[39m\u001b[90m 76 |\u001b[39m         \u001b[36mthrow\u001b[39m \u001b[36mnew\u001b[39m \u001b[33mError\u001b[39m(\u001b[32m'Missing required config: ALLOWED_USER_IDS'\u001b[39m)\u001b[33m;\u001b[39m\u001b[22m\n\u001b[2m     \u001b[90m    |\u001b[39m               \u001b[31m\u001b[1m^\u001b[22m\u001b[2m\u001b[39m\u001b[22m\n\u001b[2m     \u001b[90m 77 |\u001b[39m     }\u001b[22m\n\u001b[2m     \u001b[90m 78 |\u001b[39m\u001b[22m\n\u001b[2m     \u001b[90m 79 |\u001b[39m     \u001b[36mconst\u001b[39m defaultDir \u001b[33m=\u001b[39m path\u001b[33m.\u001b[39mjoin(os\u001b[33m.\u001b[39mhomedir()\u001b[33m,\u001b[39m \u001b[32m'Code'\u001b[39m)\u001b[33m;\u001b[39m\u001b[0m\u001b[22m\n\u001b[2m\u001b[22m\n\u001b[2m      \u001b[2mat mergeConfig (\u001b[22m\u001b[2msrc/utils/configLoader.ts\u001b[2m:76:15)\u001b[22m\u001b[2m\u001b[22m\n\u001b[2m      \u001b[2mat Object.load (\u001b[22m\u001b[2msrc/utils/configLoader.ts\u001b[2m:189:16)\u001b[22m\u001b[2m\u001b[22m\n\u001b[2m      \u001b[2mat Object.load (\u001b[22m\u001b[2m\u001b[0m\u001b[36mtests/config.test.ts\u001b[39m\u001b[0m\u001b[2m:9:45)\u001b[22m\u001b[2m\u001b[22m\n\u001b[2m      \u001b[2mat loadConfig (\u001b[22m\u001b[2msrc/utils/config.ts\u001b[2m:23:25)\u001b[22m\u001b[2m\u001b[22m\n\u001b[2m      \u001b[2mat Object.<anonymous> (\u001b[22m\u001b[2m\u001b[0m\u001b[36mtests/config.test.ts\u001b[39m\u001b[0m\u001b[2m:82:34)\u001b[22m\u001b[2m\u001b[22m\n\n\u001b[1m\u001b[31m  \u001b[1m● \u001b[22m\u001b[1mConfig › enables AUTO_APPROVE_FILE_EDITS when set to true\u001b[39m\u001b[22m\n\n    Missing required config: ALLOWED_USER_IDS\n\u001b[2m\u001b[22m\n\u001b[2m    \u001b[0m \u001b[90m 74 |\u001b[39m     \u001b[36mconst\u001b[39m allowedUserIds \u001b[33m=\u001b[39m resolveAllowedUserIds(persisted)\u001b[33m;\u001b[39m\u001b[22m\n\u001b[2m     \u001b[90m 75 |\u001b[39m     \u001b[36mif\u001b[39m (allowedUserIds\u001b[33m.\u001b[39mlength \u001b[33m===\u001b[39m \u001b[35m0\u001b[39m) {\u001b[22m\n\u001b[2m    \u001b[31m\u001b[1m>\u001b[22m\u001b[2m\u001b[39m\u001b[90m 76 |\u001b[39m         \u001b[36mthrow\u001b[39m \u001b[36mnew\u001b[39m \u001b[33mError\u001b[39m(\u001b[32m'Missing required config: ALLOWED_USER_IDS'\u001b[39m)\u001b[33m;\u001b[39m\u001b[22m\n\u001b[2m     \u001b[90m    |\u001b[39m               \u001b[31m\u001b[1m^\u001b[22m\u001b[2m\u001b[39m\u001b[22m\n\u001b[2m     \u001b[90m 77 |\u001b[39m     }\u001b[22m\n\u001b[2m     \u001b[90m 78 |\u001b[39m\u001b[22m\n\u001b[2m     \u001b[90m 79 |\u001b[39m     \u001b[36mconst\u001b[39m defaultDir \u001b[33m=\u001b[39m path\u001b[33m.\u001b[39mjoin(os\u001b[33m.\u001b[39mhomedir()\u001b[33m,\u001b[39m \u001b[32m'Code'\u001b[39m)\u001b[33m;\u001b[39m\u001b[0m\u001b[22m\n\u001b[2m\u001b[22m\n\u001b[2m      \u001b[2mat mergeConfig (\u001b[22m\u001b[2msrc/utils/configLoader.ts\u001b[2m:76:15)\u001b[22m\u001b[2m\u001b[22m\n\u001b[2m      \u001b[2mat Object.load (\u001b[22m\u001b[2msrc/utils/configLoader.ts\u001b[2m:189:16)\u001b[22m\u001b[2m\u001b[22m\n\u001b[2m      \u001b[2mat Object.load (\u001b[22m\u001b[2m\u001b[0m\u001b[36mtests/config.test.ts\u001b[39m\u001b[0m\u001b[2m:9:45)\u001b[22m\u001b[2m\u001b[22m\n\u001b[2m      \u001b[2mat loadConfig (\u001b[22m\u001b[2msrc/utils/config.ts\u001b[2m:23:25)\u001b[22m\u001b[2m\u001b[22m\n\u001b[2m      \u001b[2mat Object.<anonymous> (\u001b[22m\u001b[2m\u001b[0m\u001b[36mtests/config.test.ts\u001b[39m\u001b[0m\u001b[2m:91:34)\u001b[22m\u001b[2m\u001b[22m\n","name":"/Users/mac/Code/remoat/tests/config.test.ts","startTime":1774405657615,"status":"failed","summary":""},{"assertionResults":[{"ancestorTitles":["projectListUi","parseProjectPageId"],"duration":38,"failing":false,"failureDetails":[],"failureMessages":[],"fullName":"projectListUi parseProjectPageId parses a valid page button customId","invocations":1,"location":null,"numPassingAsserts":3,"retryReasons":[],"startAt":1774405670269,"status":"passed","title":"parses a valid page button customId"},{"ancestorTitles":["projectListUi","parseProjectPageId"],"duration":1,"failing":false,"failureDetails":[],"failureMessages":[],"fullName":"projectListUi parseProjectPageId returns NaN for non-matching customId","invocations":1,"location":null,"numPassingAsserts":3,"retryReasons":[],"startAt":1774405670307,"status":"passed","title":"returns NaN for non-matching customId"},{"ancestorTitles":["projectListUi","parseProjectPageId"],"duration":0,"failing":false,"failureDetails":[],"failureMessages":[],"fullName":"projectListUi parseProjectPageId returns NaN for malformed page number","invocations":1,"location":null,"numPassingAsserts":1,"retryReasons":[],"startAt":1774405670309,"status":"passed","title":"returns NaN for malformed page number"},{"ancestorTitles":["projectListUi","isProjectSelectId"],"duration":1,"failing":false,"failureDetails":[],"failureMessages":[],"fullName":"projectListUi isProjectSelectId matches project_select","invocations":1,"location":null,"numPassingAsserts":1,"retryReasons":[],"startAt":1774405670309,"status":"passed","title":"matches project_select"},{"ancestorTitles":["projectListUi","isProjectSelectId"],"duration":1,"failing":false,"failureDetails":[],"failureMessages":[],"fullName":"projectListUi isProjectSelectId matches workspace_select","invocations":1,"location":null,"numPassingAsserts":1,"retryReasons":[],"startAt":1774405670310,"status":"passed","title":"matches workspace_select"},{"ancestorTitles":["projectListUi","isProjectSelectId"],"duration":10,"failing":false,"failureDetails":[],"failureMessages":[],"fullName":"projectListUi isProjectSelectId matches project_select with suffix","invocations":1,"location":null,"numPassingAsserts":1,"retryReasons":[],"startAt":1774405670311,"status":"passed","title":"matches project_select with suffix"},{"ancestorTitles":["projectListUi","isProjectSelectId"],"duration":1,"failing":false,"failureDetails":[],"failureMessages":[],"fullName":"projectListUi isProjectSelectId does not match unrelated customIds","invocations":1,"location":null,"numPassingAsserts":3,"retryReasons":[],"startAt":1774405670321,"status":"passed","title":"does not match unrelated customIds"},{"ancestorTitles":["projectListUi","buildProjectListUI"],"duration":18,"failing":false,"failureDetails":[{"matcherResult":{"message":"\u001b[2mexpect(\u001b[22m\u001b[31mreceived\u001b[39m\u001b[2m).\u001b[22mtoContain\u001b[2m(\u001b[22m\u001b[32mexpected\u001b[39m\u001b[2m) // indexOf\u001b[22m\n\nExpected substring: \u001b[32m\"No projects found\"\u001b[39m\nReceived string:    \u001b[31m\"<b>📁 Dự án</b>·\u001b[39m\n\u001b[31mKhông tìm thấy dự án nào.\"\u001b[39m","pass":false}}],"failureMessages":["Error: \u001b[2mexpect(\u001b[22m\u001b[31mreceived\u001b[39m\u001b[2m).\u001b[22mtoContain\u001b[2m(\u001b[22m\u001b[32mexpected\u001b[39m\u001b[2m) // indexOf\u001b[22m\n\nExpected substring: \u001b[32m\"No projects found\"\u001b[39m\nReceived string:    \u001b[31m\"<b>📁 Dự án</b>·\u001b[39m\n\u001b[31mKhông tìm thấy dự án nào.\"\u001b[39m\n    at Object.<anonymous> (/Users/mac/Code/remoat/tests/ui/projectListUi.test.ts:58:26)\n    at Promise.finally.completed (/Users/mac/Code/remoat/node_modules/jest-circus/build/jestAdapterInit.js:1557:28)\n    at new Promise (<anonymous>)\n    at callAsyncCircusFn (/Users/mac/Code/remoat/node_modules/jest-circus/build/jestAdapterInit.js:1497:10)\n    at _callCircusTest (/Users/mac/Code/remoat/node_modules/jest-circus/build/jestAdapterInit.js:1007:40)\n    at processTicksAndRejections (node:internal/process/task_queues:105:5)\n    at _runTest (/Users/mac/Code/remoat/node_modules/jest-circus/build/jestAdapterInit.js:947:3)\n    at /Users/mac/Code/remoat/node_modules/jest-circus/build/jestAdapterInit.js:849:7\n    at _runTestsForDescribeBlock (/Users/mac/Code/remoat/node_modules/jest-circus/build/jestAdapterInit.js:862:11)\n    at _runTestsForDescribeBlock (/Users/mac/Code/remoat/node_modules/jest-circus/build/jestAdapterInit.js:857:11)\n    at _runTestsForDescribeBlock (/Users/mac/Code/remoat/node_modules/jest-circus/build/jestAdapterInit.js:857:11)\n    at run (/Users/mac/Code/remoat/node_modules/jest-circus/build/jestAdapterInit.js:761:3)\n    at runAndTransformResultsToJestFormat (/Users/mac/Code/remoat/node_modules/jest-circus/build/jestAdapterInit.js:1918:21)\n    at jestAdapter (/Users/mac/Code/remoat/node_modules/jest-circus/build/runner.js:101:19)\n    at runTestInternal (/Users/mac/Code/remoat/node_modules/jest-runner/build/testWorker.js:275:16)\n    at runTest (/Users/mac/Code/remoat/node_modules/jest-runner/build/testWorker.js:343:7)\n    at Object.worker (/Users/mac/Code/remoat/node_modules/jest-runner/build/testWorker.js:497:12)"],"fullName":"projectListUi buildProjectListUI returns empty keyboard for zero workspaces","invocations":1,"location":null,"numPassingAsserts":0,"retryReasons":[],"startAt":1774405670322,"status":"failed","title":"returns empty keyboard for zero workspaces"},{"ancestorTitles":["projectListUi","buildProjectListUI"],"duration":2,"failing":false,"failureDetails":[{"matcherResult":{"message":"\u001b[2mexpect(\u001b[22m\u001b[31mreceived\u001b[39m\u001b[2m).\u001b[22mtoContain\u001b[2m(\u001b[22m\u001b[32mexpected\u001b[39m\u001b[2m) // indexOf\u001b[22m\n\nExpected substring: \u001b[32m\"Projects\"\u001b[39m\nReceived string:    \u001b[31m\"<b>📁 Dự án</b>·\u001b[39m\n\u001b[31mChọn một dự án để tự động tạo topic và phiên làm việc·\u001b[39m\n\u001b[31m1. project-001\u001b[39m\n\u001b[31m2. project-002\u001b[39m\n\u001b[31m3. project-003\u001b[39m\n\u001b[31m4. project-004\u001b[39m\n\u001b[31m5. project-005\"\u001b[39m","pass":false}}],"failureMessages":["Error: \u001b[2mexpect(\u001b[22m\u001b[31mreceived\u001b[39m\u001b[2m).\u001b[22mtoContain\u001b[2m(\u001b[22m\u001b[32mexpected\u001b[39m\u001b[2m) // indexOf\u001b[22m\n\nExpected substring: \u001b[32m\"Projects\"\u001b[39m\nReceived string:    \u001b[31m\"<b>📁 Dự án</b>·\u001b[39m\n\u001b[31mChọn một dự án để tự động tạo topic và phiên làm việc·\u001b[39m\n\u001b[31m1. project-001\u001b[39m\n\u001b[31m2. project-002\u001b[39m\n\u001b[31m3. project-003\u001b[39m\n\u001b[31m4. project-004\u001b[39m\n\u001b[31m5. project-005\"\u001b[39m\n    at Object.<anonymous> (/Users/mac/Code/remoat/tests/ui/projectListUi.test.ts:66:26)\n    at Promise.finally.completed (/Users/mac/Code/remoat/node_modules/jest-circus/build/jestAdapterInit.js:1557:28)\n    at new Promise (<anonymous>)\n    at callAsyncCircusFn (/Users/mac/Code/remoat/node_modules/jest-circus/build/jestAdapterInit.js:1497:10)\n    at _callCircusTest (/Users/mac/Code/remoat/node_modules/jest-circus/build/jestAdapterInit.js:1007:40)\n    at processTicksAndRejections (node:internal/process/task_queues:105:5)\n    at _runTest (/Users/mac/Code/remoat/node_modules/jest-circus/build/jestAdapterInit.js:947:3)\n    at /Users/mac/Code/remoat/node_modules/jest-circus/build/jestAdapterInit.js:849:7\n    at _runTestsForDescribeBlock (/Users/mac/Code/remoat/node_modules/jest-circus/build/jestAdapterInit.js:862:11)\n    at _runTestsForDescribeBlock (/Users/mac/Code/remoat/node_modules/jest-circus/build/jestAdapterInit.js:857:11)\n    at _runTestsForDescribeBlock (/Users/mac/Code/remoat/node_modules/jest-circus/build/jestAdapterInit.js:857:11)\n    at run (/Users/mac/Code/remoat/node_modules/jest-circus/build/jestAdapterInit.js:761:3)\n    at runAndTransformResultsToJestFormat (/Users/mac/Code/remoat/node_modules/jest-circus/build/jestAdapterInit.js:1918:21)\n    at jestAdapter (/Users/mac/Code/remoat/node_modules/jest-circus/build/runner.js:101:19)\n    at runTestInternal (/Users/mac/Code/remoat/node_modules/jest-runner/build/testWorker.js:275:16)\n    at runTest (/Users/mac/Code/remoat/node_modules/jest-runner/build/testWorker.js:343:7)\n    at Object.worker (/Users/mac/Code/remoat/node_modules/jest-runner/build/testWorker.js:497:12)"],"fullName":"projectListUi buildProjectListUI shows buttons for workspaces on a single page","invocations":1,"location":null,"numPassingAsserts":0,"retryReasons":[],"startAt":1774405670349,"status":"failed","title":"shows buttons for workspaces on a single page"},{"ancestorTitles":["projectListUi","buildProjectListUI"],"duration":1,"failing":false,"failureDetails":[],"failureMessages":[],"fullName":"projectListUi buildProjectListUI does not add page info for single-page results","invocations":1,"location":null,"numPassingAsserts":1,"retryReasons":[],"startAt":1774405670351,"status":"passed","title":"does not add page info for single-page results"},{"ancestorTitles":["projectListUi","buildProjectListUI"],"duration":0,"failing":false,"failureDetails":[{"matcherResult":{"message":"\u001b[2mexpect(\u001b[22m\u001b[31mreceived\u001b[39m\u001b[2m).\u001b[22mtoContain\u001b[2m(\u001b[22m\u001b[32mexpected\u001b[39m\u001b[2m) // indexOf\u001b[22m\n\nExpected substring: \u001b[32m\"Page 1 / 2\"\u001b[39m\nReceived string:    \u001b[31m\"<b>📁 Dự án</b>·\u001b[39m\n\u001b[31mChọn một dự án để tự động tạo topic và phiên làm việc·\u001b[39m\n\u001b[31m1. project-001\u001b[39m\n\u001b[31m2. project-002\u001b[39m\n\u001b[31m3. project-003\u001b[39m\n\u001b[31m4. project-004\u001b[39m\n\u001b[31m5. project-005\u001b[39m\n\u001b[31m6. project-006\u001b[39m\n\u001b[31m7. project-007\u001b[39m\n\u001b[31m8. project-008\u001b[39m\n\u001b[31m9. project-009\u001b[39m\n\u001b[31m10. project-010\u001b[39m\n\u001b[31m11. project-011\u001b[39m\n\u001b[31m12. project-012\u001b[39m\n\u001b[31m13. project-013\u001b[39m\n\u001b[31m14. project-014\u001b[39m\n\u001b[31m15. project-015\"\u001b[39m","pass":false}}],"failureMessages":["Error: \u001b[2mexpect(\u001b[22m\u001b[31mreceived\u001b[39m\u001b[2m).\u001b[22mtoContain\u001b[2m(\u001b[22m\u001b[32mexpected\u001b[39m\u001b[2m) // indexOf\u001b[22m\n\nExpected substring: \u001b[32m\"Page 1 / 2\"\u001b[39m\nReceived string:    \u001b[31m\"<b>📁 Dự án</b>·\u001b[39m\n\u001b[31mChọn một dự án để tự động tạo topic và phiên làm việc·\u001b[39m\n\u001b[31m1. project-001\u001b[39m\n\u001b[31m2. project-002\u001b[39m\n\u001b[31m3. project-003\u001b[39m\n\u001b[31m4. project-004\u001b[39m\n\u001b[31m5. project-005\u001b[39m\n\u001b[31m6. project-006\u001b[39m\n\u001b[31m7. project-007\u001b[39m\n\u001b[31m8. project-008\u001b[39m\n\u001b[31m9. project-009\u001b[39m\n\u001b[31m10. project-010\u001b[39m\n\u001b[31m11. project-011\u001b[39m\n\u001b[31m12. project-012\u001b[39m\n\u001b[31m13. project-013\u001b[39m\n\u001b[31m14. project-014\u001b[39m\n\u001b[31m15. project-015\"\u001b[39m\n    at Object.<anonymous> (/Users/mac/Code/remoat/tests/ui/projectListUi.test.ts:84:26)\n    at Promise.finally.completed (/Users/mac/Code/remoat/node_modules/jest-circus/build/jestAdapterInit.js:1557:28)\n    at new Promise (<anonymous>)\n    at callAsyncCircusFn (/Users/mac/Code/remoat/node_modules/jest-circus/build/jestAdapterInit.js:1497:10)\n    at _callCircusTest (/Users/mac/Code/remoat/node_modules/jest-circus/build/jestAdapterInit.js:1007:40)\n    at processTicksAndRejections (node:internal/process/task_queues:105:5)\n    at _runTest (/Users/mac/Code/remoat/node_modules/jest-circus/build/jestAdapterInit.js:947:3)\n    at /Users/mac/Code/remoat/node_modules/jest-circus/build/jestAdapterInit.js:849:7\n    at _runTestsForDescribeBlock (/Users/mac/Code/remoat/node_modules/jest-circus/build/jestAdapterInit.js:862:11)\n    at _runTestsForDescribeBlock (/Users/mac/Code/remoat/node_modules/jest-circus/build/jestAdapterInit.js:857:11)\n    at _runTestsForDescribeBlock (/Users/mac/Code/remoat/node_modules/jest-circus/build/jestAdapterInit.js:857:11)\n    at run (/Users/mac/Code/remoat/node_modules/jest-circus/build/jestAdapterInit.js:761:3)\n    at runAndTransformResultsToJestFormat (/Users/mac/Code/remoat/node_modules/jest-circus/build/jestAdapterInit.js:1918:21)\n    at jestAdapter (/Users/mac/Code/remoat/node_modules/jest-circus/build/runner.js:101:19)\n    at runTestInternal (/Users/mac/Code/remoat/node_modules/jest-runner/build/testWorker.js:275:16)\n    at runTest (/Users/mac/Code/remoat/node_modules/jest-runner/build/testWorker.js:343:7)\n    at Object.worker (/Users/mac/Code/remoat/node_modules/jest-runner/build/testWorker.js:497:12)"],"fullName":"projectListUi buildProjectListUI shows page info for multi-page workspaces","invocations":1,"location":null,"numPassingAsserts":0,"retryReasons":[],"startAt":1774405670353,"status":"failed","title":"shows page info for multi-page workspaces"},{"ancestorTitles":["projectListUi","buildProjectListUI"],"duration":1,"failing":false,"failureDetails":[{"matcherResult":{"message":"\u001b[2mexpect(\u001b[22m\u001b[31mreceived\u001b[39m\u001b[2m).\u001b[22mtoContain\u001b[2m(\u001b[22m\u001b[32mexpected\u001b[39m\u001b[2m) // indexOf\u001b[22m\n\nExpected substring: \u001b[32m\"Page 2 / 2\"\u001b[39m\nReceived string:    \u001b[31m\"<b>📁 Dự án</b>·\u001b[39m\n\u001b[31mChọn một dự án để tự động tạo topic và phiên làm việc·\u001b[39m\n\u001b[31m1. project-001\u001b[39m\n\u001b[31m2. project-002\u001b[39m\n\u001b[31m3. project-003\u001b[39m\n\u001b[31m4. project-004\u001b[39m\n\u001b[31m5. project-005\u001b[39m\n\u001b[31m6. project-006\u001b[39m\n\u001b[31m7. project-007\u001b[39m\n\u001b[31m8. project-008\u001b[39m\n\u001b[31m9. project-009\u001b[39m\n\u001b[31m10. project-010\u001b[39m\n\u001b[31m11. project-011\u001b[39m\n\u001b[31m12. project-012\u001b[39m\n\u001b[31m13. project-013\u001b[39m\n\u001b[31m14. project-014\u001b[39m\n\u001b[31m15. project-015\"\u001b[39m","pass":false}}],"failureMessages":["Error: \u001b[2mexpect(\u001b[22m\u001b[31mreceived\u001b[39m\u001b[2m).\u001b[22mtoContain\u001b[2m(\u001b[22m\u001b[32mexpected\u001b[39m\u001b[2m) // indexOf\u001b[22m\n\nExpected substring: \u001b[32m\"Page 2 / 2\"\u001b[39m\nReceived string:    \u001b[31m\"<b>📁 Dự án</b>·\u001b[39m\n\u001b[31mChọn một dự án để tự động tạo topic và phiên làm việc·\u001b[39m\n\u001b[31m1. project-001\u001b[39m\n\u001b[31m2. project-002\u001b[39m\n\u001b[31m3. project-003\u001b[39m\n\u001b[31m4. project-004\u001b[39m\n\u001b[31m5. project-005\u001b[39m\n\u001b[31m6. project-006\u001b[39m\n\u001b[31m7. project-007\u001b[39m\n\u001b[31m8. project-008\u001b[39m\n\u001b[31m9. project-009\u001b[39m\n\u001b[31m10. project-010\u001b[39m\n\u001b[31m11. project-011\u001b[39m\n\u001b[31m12. project-012\u001b[39m\n\u001b[31m13. project-013\u001b[39m\n\u001b[31m14. project-014\u001b[39m\n\u001b[31m15. project-015\"\u001b[39m\n    at Object.<anonymous> (/Users/mac/Code/remoat/tests/ui/projectListUi.test.ts:92:26)\n    at Promise.finally.completed (/Users/mac/Code/remoat/node_modules/jest-circus/build/jestAdapterInit.js:1557:28)\n    at new Promise (<anonymous>)\n    at callAsyncCircusFn (/Users/mac/Code/remoat/node_modules/jest-circus/build/jestAdapterInit.js:1497:10)\n    at _callCircusTest (/Users/mac/Code/remoat/node_modules/jest-circus/build/jestAdapterInit.js:1007:40)\n    at processTicksAndRejections (node:internal/process/task_queues:105:5)\n    at _runTest (/Users/mac/Code/remoat/node_modules/jest-circus/build/jestAdapterInit.js:947:3)\n    at /Users/mac/Code/remoat/node_modules/jest-circus/build/jestAdapterInit.js:849:7\n    at _runTestsForDescribeBlock (/Users/mac/Code/remoat/node_modules/jest-circus/build/jestAdapterInit.js:862:11)\n    at _runTestsForDescribeBlock (/Users/mac/Code/remoat/node_modules/jest-circus/build/jestAdapterInit.js:857:11)\n    at _runTestsForDescribeBlock (/Users/mac/Code/remoat/node_modules/jest-circus/build/jestAdapterInit.js:857:11)\n    at run (/Users/mac/Code/remoat/node_modules/jest-circus/build/jestAdapterInit.js:761:3)\n    at runAndTransformResultsToJestFormat (/Users/mac/Code/remoat/node_modules/jest-circus/build/jestAdapterInit.js:1918:21)\n    at jestAdapter (/Users/mac/Code/remoat/node_modules/jest-circus/build/runner.js:101:19)\n    at runTestInternal (/Users/mac/Code/remoat/node_modules/jest-runner/build/testWorker.js:275:16)\n    at runTest (/Users/mac/Code/remoat/node_modules/jest-runner/build/testWorker.js:343:7)\n    at Object.worker (/Users/mac/Code/remoat/node_modules/jest-runner/build/testWorker.js:497:12)"],"fullName":"projectListUi buildProjectListUI second page shows remaining items","invocations":1,"location":null,"numPassingAsserts":0,"retryReasons":[],"startAt":1774405670354,"status":"failed","title":"second page shows remaining items"},{"ancestorTitles":["projectListUi","buildProjectListUI"],"duration":5,"failing":false,"failureDetails":[{"matcherResult":{"message":"\u001b[2mexpect(\u001b[22m\u001b[31mreceived\u001b[39m\u001b[2m).\u001b[22mtoContain\u001b[2m(\u001b[22m\u001b[32mexpected\u001b[39m\u001b[2m) // indexOf\u001b[22m\n\nExpected substring: \u001b[32m\"Page 2 / 2\"\u001b[39m\nReceived string:    \u001b[31m\"<b>📁 Dự án</b>·\u001b[39m\n\u001b[31mChọn một dự án để tự động tạo topic và phiên làm việc·\u001b[39m\n\u001b[31m1. project-001\u001b[39m\n\u001b[31m2. project-002\u001b[39m\n\u001b[31m3. project-003\u001b[39m\n\u001b[31m4. project-004\u001b[39m\n\u001b[31m5. project-005\u001b[39m\n\u001b[31m6. project-006\u001b[39m\n\u001b[31m7. project-007\u001b[39m\n\u001b[31m8. project-008\u001b[39m\n\u001b[31m9. project-009\u001b[39m\n\u001b[31m10. project-010\u001b[39m\n\u001b[31m11. project-011\u001b[39m\n\u001b[31m12. project-012\u001b[39m\n\u001b[31m13. project-013\u001b[39m\n\u001b[31m14. project-014\u001b[39m\n\u001b[31m15. project-015\"\u001b[39m","pass":false}}],"failureMessages":["Error: \u001b[2mexpect(\u001b[22m\u001b[31mreceived\u001b[39m\u001b[2m).\u001b[22mtoContain\u001b[2m(\u001b[22m\u001b[32mexpected\u001b[39m\u001b[2m) // indexOf\u001b[22m\n\nExpected substring: \u001b[32m\"Page 2 / 2\"\u001b[39m\nReceived string:    \u001b[31m\"<b>📁 Dự án</b>·\u001b[39m\n\u001b[31mChọn một dự án để tự động tạo topic và phiên làm việc·\u001b[39m\n\u001b[31m1. project-001\u001b[39m\n\u001b[31m2. project-002\u001b[39m\n\u001b[31m3. project-003\u001b[39m\n\u001b[31m4. project-004\u001b[39m\n\u001b[31m5. project-005\u001b[39m\n\u001b[31m6. project-006\u001b[39m\n\u001b[31m7. project-007\u001b[39m\n\u001b[31m8. project-008\u001b[39m\n\u001b[31m9. project-009\u001b[39m\n\u001b[31m10. project-010\u001b[39m\n\u001b[31m11. project-011\u001b[39m\n\u001b[31m12. project-012\u001b[39m\n\u001b[31m13. project-013\u001b[39m\n\u001b[31m14. project-014\u001b[39m\n\u001b[31m15. project-015\"\u001b[39m\n    at Object.<anonymous> (/Users/mac/Code/remoat/tests/ui/projectListUi.test.ts:100:26)\n    at Promise.finally.completed (/Users/mac/Code/remoat/node_modules/jest-circus/build/jestAdapterInit.js:1557:28)\n    at new Promise (<anonymous>)\n    at callAsyncCircusFn (/Users/mac/Code/remoat/node_modules/jest-circus/build/jestAdapterInit.js:1497:10)\n    at _callCircusTest (/Users/mac/Code/remoat/node_modules/jest-circus/build/jestAdapterInit.js:1007:40)\n    at processTicksAndRejections (node:internal/process/task_queues:105:5)\n    at _runTest (/Users/mac/Code/remoat/node_modules/jest-circus/build/jestAdapterInit.js:947:3)\n    at /Users/mac/Code/remoat/node_modules/jest-circus/build/jestAdapterInit.js:849:7\n    at _runTestsForDescribeBlock (/Users/mac/Code/remoat/node_modules/jest-circus/build/jestAdapterInit.js:862:11)\n    at _runTestsForDescribeBlock (/Users/mac/Code/remoat/node_modules/jest-circus/build/jestAdapterInit.js:857:11)\n    at _runTestsForDescribeBlock (/Users/mac/Code/remoat/node_modules/jest-circus/build/jestAdapterInit.js:857:11)\n    at run (/Users/mac/Code/remoat/node_modules/jest-circus/build/jestAdapterInit.js:761:3)\n    at runAndTransformResultsToJestFormat (/Users/mac/Code/remoat/node_modules/jest-circus/build/jestAdapterInit.js:1918:21)\n    at jestAdapter (/Users/mac/Code/remoat/node_modules/jest-circus/build/runner.js:101:19)\n    at runTestInternal (/Users/mac/Code/remoat/node_modules/jest-runner/build/testWorker.js:275:16)\n    at runTest (/Users/mac/Code/remoat/node_modules/jest-runner/build/testWorker.js:343:7)\n    at Object.worker (/Users/mac/Code/remoat/node_modules/jest-runner/build/testWorker.js:497:12)"],"fullName":"projectListUi buildProjectListUI clamps out-of-range page to the last valid page","invocations":1,"location":null,"numPassingAsserts":0,"retryReasons":[],"startAt":1774405670542,"status":"failed","title":"clamps out-of-range page to the last valid page"},{"ancestorTitles":["projectListUi","buildProjectListUI"],"duration":15,"failing":false,"failureDetails":[{"matcherResult":{"message":"\u001b[2mexpect(\u001b[22m\u001b[31mreceived\u001b[39m\u001b[2m).\u001b[22mtoContain\u001b[2m(\u001b[22m\u001b[32mexpected\u001b[39m\u001b[2m) // indexOf\u001b[22m\n\nExpected substring: \u001b[32m\"Page 1 / 2\"\u001b[39m\nReceived string:    \u001b[31m\"<b>📁 Dự án</b>·\u001b[39m\n\u001b[31mChọn một dự án để tự động tạo topic và phiên làm việc·\u001b[39m\n\u001b[31m1. project-001\u001b[39m\n\u001b[31m2. project-002\u001b[39m\n\u001b[31m3. project-003\u001b[39m\n\u001b[31m4. project-004\u001b[39m\n\u001b[31m5. project-005\u001b[39m\n\u001b[31m6. project-006\u001b[39m\n\u001b[31m7. project-007\u001b[39m\n\u001b[31m8. project-008\u001b[39m\n\u001b[31m9. project-009\u001b[39m\n\u001b[31m10. project-010\u001b[39m\n\u001b[31m11. project-011\u001b[39m\n\u001b[31m12. project-012\u001b[39m\n\u001b[31m13. project-013\u001b[39m\n\u001b[31m14. project-014\u001b[39m\n\u001b[31m15. project-015\"\u001b[39m","pass":false}}],"failureMessages":["Error: \u001b[2mexpect(\u001b[22m\u001b[31mreceived\u001b[39m\u001b[2m).\u001b[22mtoContain\u001b[2m(\u001b[22m\u001b[32mexpected\u001b[39m\u001b[2m) // indexOf\u001b[22m\n\nExpected substring: \u001b[32m\"Page 1 / 2\"\u001b[39m\nReceived string:    \u001b[31m\"<b>📁 Dự án</b>·\u001b[39m\n\u001b[31mChọn một dự án để tự động tạo topic và phiên làm việc·\u001b[39m\n\u001b[31m1. project-001\u001b[39m\n\u001b[31m2. project-002\u001b[39m\n\u001b[31m3. project-003\u001b[39m\n\u001b[31m4. project-004\u001b[39m\n\u001b[31m5. project-005\u001b[39m\n\u001b[31m6. project-006\u001b[39m\n\u001b[31m7. project-007\u001b[39m\n\u001b[31m8. project-008\u001b[39m\n\u001b[31m9. project-009\u001b[39m\n\u001b[31m10. project-010\u001b[39m\n\u001b[31m11. project-011\u001b[39m\n\u001b[31m12. project-012\u001b[39m\n\u001b[31m13. project-013\u001b[39m\n\u001b[31m14. project-014\u001b[39m\n\u001b[31m15. project-015\"\u001b[39m\n    at Object.<anonymous> (/Users/mac/Code/remoat/tests/ui/projectListUi.test.ts:107:26)\n    at Promise.finally.completed (/Users/mac/Code/remoat/node_modules/jest-circus/build/jestAdapterInit.js:1557:28)\n    at new Promise (<anonymous>)\n    at callAsyncCircusFn (/Users/mac/Code/remoat/node_modules/jest-circus/build/jestAdapterInit.js:1497:10)\n    at _callCircusTest (/Users/mac/Code/remoat/node_modules/jest-circus/build/jestAdapterInit.js:1007:40)\n    at processTicksAndRejections (node:internal/process/task_queues:105:5)\n    at _runTest (/Users/mac/Code/remoat/node_modules/jest-circus/build/jestAdapterInit.js:947:3)\n    at /Users/mac/Code/remoat/node_modules/jest-circus/build/jestAdapterInit.js:849:7\n    at _runTestsForDescribeBlock (/Users/mac/Code/remoat/node_modules/jest-circus/build/jestAdapterInit.js:862:11)\n    at _runTestsForDescribeBlock (/Users/mac/Code/remoat/node_modules/jest-circus/build/jestAdapterInit.js:857:11)\n    at _runTestsForDescribeBlock (/Users/mac/Code/remoat/node_modules/jest-circus/build/jestAdapterInit.js:857:11)\n    at run (/Users/mac/Code/remoat/node_modules/jest-circus/build/jestAdapterInit.js:761:3)\n    at runAndTransformResultsToJestFormat (/Users/mac/Code/remoat/node_modules/jest-circus/build/jestAdapterInit.js:1918:21)\n    at jestAdapter (/Users/mac/Code/remoat/node_modules/jest-circus/build/runner.js:101:19)\n    at runTestInternal (/Users/mac/Code/remoat/node_modules/jest-runner/build/testWorker.js:275:16)\n    at runTest (/Users/mac/Code/remoat/node_modules/jest-runner/build/testWorker.js:343:7)\n    at Object.worker (/Users/mac/Code/remoat/node_modules/jest-runner/build/testWorker.js:497:12)"],"fullName":"projectListUi buildProjectListUI clamps negative page to 0","invocations":1,"location":null,"numPassingAsserts":0,"retryReasons":[],"startAt":1774405670550,"status":"failed","title":"clamps negative page to 0"},{"ancestorTitles":["projectListUi","buildProjectListUI"],"duration":1,"failing":false,"failureDetails":[],"failureMessages":[],"fullName":"projectListUi buildProjectListUI handles exactly ITEMS_PER_PAGE workspaces (single page)","invocations":1,"location":null,"numPassingAsserts":1,"retryReasons":[],"startAt":1774405670566,"status":"passed","title":"handles exactly ITEMS_PER_PAGE workspaces (single page)"}],"endTime":1774405670700,"message":"\u001b[1m\u001b[31m  \u001b[1m● \u001b[22m\u001b[1mprojectListUi › buildProjectListUI › returns empty keyboard for zero workspaces\u001b[39m\u001b[22m\n\n    \u001b[2mexpect(\u001b[22m\u001b[31mreceived\u001b[39m\u001b[2m).\u001b[22mtoContain\u001b[2m(\u001b[22m\u001b[32mexpected\u001b[39m\u001b[2m) // indexOf\u001b[22m\n\n    Expected substring: \u001b[32m\"No projects found\"\u001b[39m\n    Received string:    \u001b[31m\"<b>📁 Dự án</b>·\u001b[39m\n    \u001b[31mKhông tìm thấy dự án nào.\"\u001b[39m\n\u001b[2m\u001b[22m\n\u001b[2m    \u001b[0m \u001b[90m 56 |\u001b[39m             \u001b[36mconst\u001b[39m { text\u001b[33m,\u001b[39m keyboard } \u001b[33m=\u001b[39m buildProjectListUI([]\u001b[33m,\u001b[39m \u001b[35m0\u001b[39m)\u001b[33m;\u001b[39m\u001b[22m\n\u001b[2m     \u001b[90m 57 |\u001b[39m\u001b[22m\n\u001b[2m    \u001b[31m\u001b[1m>\u001b[22m\u001b[2m\u001b[39m\u001b[90m 58 |\u001b[39m             expect(text)\u001b[33m.\u001b[39mtoContain(\u001b[32m'No projects found'\u001b[39m)\u001b[33m;\u001b[39m\u001b[22m\n\u001b[2m     \u001b[90m    |\u001b[39m                          \u001b[31m\u001b[1m^\u001b[22m\u001b[2m\u001b[39m\u001b[22m\n\u001b[2m     \u001b[90m 59 |\u001b[39m             expect(keyboard)\u001b[33m.\u001b[39mtoBeInstanceOf(\u001b[33mInlineKeyboard\u001b[39m)\u001b[33m;\u001b[39m\u001b[22m\n\u001b[2m     \u001b[90m 60 |\u001b[39m         })\u001b[33m;\u001b[39m\u001b[22m\n\u001b[2m     \u001b[90m 61 |\u001b[39m\u001b[0m\u001b[22m\n\u001b[2m\u001b[22m\n\u001b[2m      \u001b[2mat Object.<anonymous> (\u001b[22m\u001b[2m\u001b[0m\u001b[36mtests/ui/projectListUi.test.ts\u001b[39m\u001b[0m\u001b[2m:58:26)\u001b[22m\u001b[2m\u001b[22m\n\n\u001b[1m\u001b[31m  \u001b[1m● \u001b[22m\u001b[1mprojectListUi › buildProjectListUI › shows buttons for workspaces on a single page\u001b[39m\u001b[22m\n\n    \u001b[2mexpect(\u001b[22m\u001b[31mreceived\u001b[39m\u001b[2m).\u001b[22mtoContain\u001b[2m(\u
[...]
output format debug includes [DEBUG] tag with dim color","invocations":1,"location":null,"numPassingAsserts":2,"retryReasons":[],"startAt":1774405676719,"status":"passed","title":"debug includes [DEBUG] tag with dim color"},{"ancestorTitles":["createLogger","console output format"],"duration":0,"failing":false,"failureDetails":[],"failureMessages":[],"fullName":"createLogger console output format phase includes [PHASE] tag with magenta color","invocations":1,"location":null,"numPassingAsserts":2,"retryReasons":[],"startAt":1774405676720,"status":"passed","title":"phase includes [PHASE] tag with magenta color"},{"ancestorTitles":["createLogger","console output format"],"duration":1,"failing":false,"failureDetails":[],"failureMessages":[],"fullName":"createLogger console output format done includes [DONE] tag with green color","invocations":1,"location":null,"numPassingAsserts":2,"retryReasons":[],"startAt":1774405676721,"status":"passed","title":"done includes [DONE] tag with green color"},{"ancestorTitles":["createLogger","createLogger default"],"duration":0,"failing":false,"failureDetails":[],"failureMessages":[],"fullName":"createLogger createLogger default defaults to info level when no argument provided","invocations":1,"location":null,"numPassingAsserts":1,"retryReasons":[],"startAt":1774405676722,"status":"passed","title":"defaults to info level when no argument provided"}],"endTime":1774405676724,"message":"","name":"/Users/mac/Code/remoat/tests/utils/logger.test.ts","startTime":1774405676270,"status":"passed","summary":""},{"assertionResults":[{"ancestorTitles":["ProcessManager"],"duration":2,"failing":false,"failureDetails":[],"failureMessages":[],"fullName":"ProcessManager should spawn a process with correct arguments","invocations":1,"location":null,"numPassingAsserts":4,"retryReasons":[],"startAt":1774405676735,"status":"passed","title":"should spawn a process with correct arguments"},{"ancestorTitles":["ProcessManager"],"duration":1,"failing":false,"failureDetails":[],"failureMessages":[],"fullName":"ProcessManager should pass stdout and stderr to callbacks","invocations":1,"location":null,"numPassingAsserts":2,"retryReasons":[],"startAt":1774405676737,"status":"passed","title":"should pass stdout and stderr to callbacks"},{"ancestorTitles":["ProcessManager"],"duration":5,"failing":false,"failureDetails":[],"failureMessages":[],"fullName":"ProcessManager should limit concurrent executions and queue tasks","invocations":1,"location":null,"numPassingAsserts":4,"retryReasons":[],"startAt":1774405676738,"status":"passed","title":"should limit concurrent executions and queue tasks"},{"ancestorTitles":["ProcessManager"],"duration":1,"failing":false,"failureDetails":[],"failureMessages":[],"fullName":"ProcessManager should kill a running process on stopTask","invocations":1,"location":null,"numPassingAsserts":2,"retryReasons":[],"startAt":1774405676743,"status":"passed","title":"should kill a running process on stopTask"}],"endTime":1774405676744,"message":"","name":"/Users/mac/Code/remoat/tests/services/processManager.test.ts","startTime":1774405676308,"status":"passed","summary":""},{"assertionResults":[{"ancestorTitles":["CdpService - Cross-Platform Workspace Launching","launchAndConnectWorkspace (Mac)"],"duration":1030,"failing":false,"failureDetails":[],"failureMessages":[],"fullName":"CdpService - Cross-Platform Workspace Launching launchAndConnectWorkspace (Mac) should launch Antigravity using the Mac application path","invocations":1,"location":null,"numPassingAsserts":1,"retryReasons":[],"startAt":1774405671391,"status":"passed","title":"should launch Antigravity using the Mac application path"},{"ancestorTitles":["CdpService - Cross-Platform Workspace Launching","launchAndConnectWorkspace (Mac)"],"duration":1002,"failing":false,"failureDetails":[],"failureMessages":[],"fullName":"CdpService - Cross-Platform Workspace Launching launchAndConnectWorkspace (Mac) should fallback to `open -a Antigravity` if the CLI launch fails on Mac","invocations":1,"location":null,"numPassingAsserts":3,"retryReasons":[],"startAt":1774405672422,"status":"passed","title":"should fallback to `open -a Antigravity` if the CLI launch fails on Mac"},{"ancestorTitles":["CdpService - Cross-Platform Workspace Launching","launchAndConnectWorkspace (Windows)"],"duration":1002,"failing":false,"failureDetails":[],"failureMessages":[],"fullName":"CdpService - Cross-Platform Workspace Launching launchAndConnectWorkspace (Windows) should launch Antigravity using LOCALAPPDATA environment variable","invocations":1,"location":null,"numPassingAsserts":1,"retryReasons":[],"startAt":1774405673424,"status":"passed","title":"should launch Antigravity using LOCALAPPDATA environment variable"},{"ancestorTitles":["CdpService - Cross-Platform Workspace Launching","launchAndConnectWorkspace (Windows)"],"duration":1002,"failing":false,"failureDetails":[],"failureMessages":[],"fullName":"CdpService - Cross-Platform Workspace Launching launchAndConnectWorkspace (Windows) should fallback to Antigravity.exe if LOCALAPPDATA is missing on Windows","invocations":1,"location":null,"numPassingAsserts":1,"retryReasons":[],"startAt":1774405674426,"status":"passed","title":"should fallback to Antigravity.exe if LOCALAPPDATA is missing on Windows"},{"ancestorTitles":["CdpService - Cross-Platform Workspace Launching","launchAndConnectWorkspace (Linux / Unknown)"],"duration":1001,"failing":false,"failureDetails":[],"failureMessages":[],"fullName":"CdpService - Cross-Platform Workspace Launching launchAndConnectWorkspace (Linux / Unknown) should default to `antigravity` command if ANTIGRAVITY_PATH is not set","invocations":1,"location":null,"numPassingAsserts":1,"retryReasons":[],"startAt":1774405675429,"status":"passed","title":"should default to `antigravity` command if ANTIGRAVITY_PATH is not set"},{"ancestorTitles":["CdpService - Cross-Platform Workspace Launching","launchAndConnectWorkspace (Linux / Unknown)"],"duration":1,"failing":false,"failureDetails":[{}],"failureMessages":["Error: ANTIGRAVITY_PATH validation failed: ENOENT: no such file or directory, stat '/opt/custom/antigravity.AppImage'\n    at getAntigravityCliPath (/Users/mac/Code/remoat/src/utils/pathUtils.ts:24:19)\n    at CdpService.launchAndConnectWorkspace (/Users/mac/Code/remoat/src/services/cdpService.ts:630:53)\n    at CdpService._discoverAndConnectForWorkspaceImpl (/Users/mac/Code/remoat/src/services/cdpService.ts:426:25)\n    at CdpService.discoverAndConnectForWorkspace (/Users/mac/Code/remoat/src/services/cdpService.ts:361:20)\n    at Object.<anonymous> (/Users/mac/Code/remoat/tests/services/cdpService.workspace.test.ts:202:13)"],"fullName":"CdpService - Cross-Platform Workspace Launching launchAndConnectWorkspace (Linux / Unknown) should use ANTIGRAVITY_PATH if it is set","invocations":1,"location":null,"numPassingAsserts":0,"retryReasons":[],"startAt":1774405676430,"status":"failed","title":"should use ANTIGRAVITY_PATH if it is set"},{"ancestorTitles":["CdpService - Cross-Platform Workspace Launching","Project Name Extraction"],"duration":1002,"failing":false,"failureDetails":[],"failureMessages":[],"fullName":"CdpService - Cross-Platform Workspace Launching Project Name Extraction should extract the project name from a Windows path with backslashes","invocations":1,"location":null,"numPassingAsserts":1,"retryReasons":[],"startAt":1774405676463,"status":"passed","title":"should extract the project name from a Windows path with backslashes"},{"ancestorTitles":["CdpService - Cross-Platform Workspace Launching","Project Name Extraction"],"duration":1003,"failing":false,"failureDetails":[],"failureMessages":[],"fullName":"CdpService - Cross-Platform Workspace Launching Project Name Extraction should extract the project name from a Mac/Linux path with forward slashes","invocations":1,"location":null,"numPassingAsserts":1,"retryReasons":[],"startAt":1774405677465,"status":"passed","title":"should extract the project name from a Mac/Linux path with forward slashes"},{"ancestorTitles":["CdpService - Cross-Platform Workspace Launching","Project Name Extraction"],"duration":1004,"failing":false,"failureDetails":[],"failureMessages":[],"fullName":"CdpService - Cross-Platform Workspace Launching Project Name Extraction should extract the project name from a path with trailing slashes","invocations":1,"location":null,"numPassingAsserts":1,"retryReasons":[],"startAt":1774405678468,"status":"passed","title":"should extract the project name from a path with trailing slashes"}],"endTime":1774405679493,"message":"\u001b[1m\u001b[31m  \u001b[1m● \u001b[22m\u001b[1mCdpService - Cross-Platform Workspace Launching › launchAndConnectWorkspace (Linux / Unknown) › should use ANTIGRAVITY_PATH if it is set\u001b[39m\u001b[22m\n\n    ANTIGRAVITY_PATH validation failed: ENOENT: no such file or directory, stat '/opt/custom/antigravity.AppImage'\n\u001b[2m\u001b[22m\n\u001b[2m    \u001b[0m \u001b[90m 22 |\u001b[39m             \u001b[36mreturn\u001b[39m path\u001b[33m;\u001b[39m\u001b[22m\n\u001b[2m     \u001b[90m 23 |\u001b[39m         } \u001b[36mcatch\u001b[39m (err\u001b[33m:\u001b[39m any) {\u001b[22m\n\u001b[2m    \u001b[31m\u001b[1m>\u001b[22m\u001b[2m\u001b[39m\u001b[90m 24 |\u001b[39m             \u001b[36mthrow\u001b[39m \u001b[36mnew\u001b[39m \u001b[33mError\u001b[39m(\u001b[32m`ANTIGRAVITY_PATH validation failed: ${err.message}`\u001b[39m)\u001b[33m;\u001b[39m\u001b[22m\n\u001b[2m     \u001b[90m    |\u001b[39m                   \u001b[31m\u001b[1m^\u001b[22m\u001b[2m\u001b[39m\u001b[22m\n\u001b[2m     \u001b[90m 25 |\u001b[39m         }\u001b[22m\n\u001b[2m     \u001b[90m 26 |\u001b[39m     }\u001b[22m\n\u001b[2m     \u001b[90m 27 |\u001b[39m\u001b[0m\u001b[22m\n\u001b[2m\u001b[22m\n\u001b[2m      \u001b[2mat getAntigravityCliPath (\u001b[22m\u001b[2msrc/utils/pathUtils.ts\u001b[2m:24:19)\u001b[22m\u001b[2m\u001b[22m\n\u001b[2m      \u001b[2mat CdpService.launchAndConnectWorkspace (\u001b[22m\u001b[2msrc/services/cdpService.ts\u001b[2m:630:53)\u001b[22m\u001b[2m\u001b[22m\n\u001b[2m      \u001b[2mat CdpService._discoverAndConnectForWorkspaceImpl (\u001b[22m\u001b[2msrc/services/cdpService.ts\u001b[2m:426:25)\u001b[22m\u001b[2m\u001b[22m\n\u001b[2m      \u001b[2mat CdpService.discoverAndConnectForWorkspace (\u001b[22m\u001b[2msrc/services/cdpService.ts\u001b[2m:361:20)\u001b[22m\u001b[2m\u001b[22m\n\u001b[2m      \u001b[2mat Object.<anonymous> (\u001b[22m\u001b[2m\u001b[0m\u001b[36mtests/services/cdpService.workspace.test.ts\u001b[39m\u001b[0m\u001b[2m:202:13)\u001b[22m\u001b[2m\u001b[22m\n","name":"/Users/mac/Code/remoat/tests/services/cdpService.workspace.test.ts","startTime":1774405657573,"status":"failed","summary":""},{"assertionResults":[{"ancestorTitles":["ChatSessionService","startNewChat()"],"duration":1511,"failing":false,"failureDetails":[],"failureMessages":[],"fullName":"ChatSessionService startNewChat() opens a new chat via coordinate click when the button is enabled","invocations":1,"location":null,"numPassingAsserts":2,"retryReasons":[],"startAt":1774405671807,"status":"passed","title":"opens a new chat via coordinate click when the button is enabled"},{"ancestorTitles":["ChatSessionService","startNewChat()"],"duration":2,"failing":false,"failureDetails":[],"failureMessages":[],"fullName":"ChatSessionService startNewChat() returns success without action when the button is disabled (already empty chat)","invocations":1,"location":null,"numPassingAsserts":2,"retryReasons":[],"startAt":1774405673319,"status":"passed","title":"returns success without action when the button is disabled (already empty chat)"},{"ancestorTitles":["ChatSessionService","startNewChat()"],"duration":5006,"failing":false,"failureDetails":[],"failureMessages":[],"fullName":"ChatSessionService startNewChat() returns ok: false when the button is not found","invocations":1,"location":null,"numPassingAsserts":2,"retryReasons":[],"startAt":1774405673321,"status":"passed","title":"returns ok: false when the button is not found"},{"ancestorTitles":["ChatSessionService","startNewChat()"],"duration":2,"failing":false,"failureDetails":[],"failureMessages":[],"fullName":"ChatSessionService startNewChat() returns ok: false when contexts are empty","invocations":1,"location":null,"numPassingAsserts":2,"retryReasons":[],"startAt":1774405678327,"status":"passed","title":"returns ok: false when contexts are empty"},{"ancestorTitles":["ChatSessionService","startNewChat()"],"duration":5004,"failing":false,"failureDetails":[],"failureMessages":[],"fullName":"ChatSessionService startNewChat() returns ok: false when a CDP call throws an exception","invocations":1,"location":null,"numPassingAsserts":2,"retryReasons":[],"startAt":1774405678329,"status":"passed","title":"returns ok: false when a CDP call throws an exception"},{"ancestorTitles":["ChatSessionService","startNewChat()"],"duration":1502,"failing":false,"failureDetails":[],"failureMessages":[],"fullName":"ChatSessionService startNewChat() returns ok: false when button state does not change after click","invocations":1,"location":null,"numPassingAsserts":2,"retryReasons":[],"startAt":1774405683334,"status":"passed","title":"returns ok: false when button state does not change after click"},{"ancestorTitles":["ChatSessionService","getCurrentSessionInfo()"],"duration":2,"failing":false,"failureDetails":[],"failureMessages":[],"fullName":"ChatSessionService getCurrentSessionInfo() retrieves the chat title from the Cascade panel header","invocations":1,"location":null,"numPassingAsserts":2,"retryReasons":[],"startAt":1774405684836,"status":"passed","title":"retrieves the chat title from the Cascade panel header"},{"ancestorTitles":["ChatSessionService","getCurrentSessionInfo()"],"duration":2,"failing":false,"failureDetails":[],"failureMessages":[],"fullName":"ChatSessionService getCurrentSessionInfo() returns hasActiveChat: false when the title is \"Agent\" (default)","invocations":1,"location":null,"numPassingAsserts":2,"retryReasons":[],"startAt":1774405684838,"status":"passed","title":"returns hasActiveChat: false when the title is \"Agent\" (default)"},{"ancestorTitles":["ChatSessionService","getCurrentSessionInfo()"],"duration":3,"failing":false,"failureDetails":[],"failureMessages":[],"fullName":"ChatSessionService getCurrentSessionInfo() returns fallback values when a CDP call throws an exception","invocations":1,"location":null,"numPassingAsserts":2,"retryReasons":[],"startAt":1774405684840,"status":"passed","title":"returns fallback values when a CDP call throws an exception"},{"ancestorTitles":["ChatSessionService","getCurrentSessionInfo()"],"duration":2,"failing":false,"failureDetails":[],"failureMessages":[],"fullName":"ChatSessionService getCurrentSessionInfo() returns fallback values when the result is null","invocations":1,"location":null,"numPassingAsserts":2,"retryReasons":[],"startAt":1774405684843,"status":"passed","title":"returns fallback values when the result is null"},{"ancestorTitles":["ChatSessionService","activateSessionByTitle()"],"duration":2,"failing":false,"failureDetails":[],"failureMessages":[],"fullName":"ChatSessionService activateSessionByTitle() returns ok when already on the target session title","invocations":1,"location":null,"numPassingAsserts":1,"retryReasons":[],"startAt":1774405684845,"status":"passed","title":"returns ok when already on the target session title"},{"ancestorTitles":["ChatSessionService","activateSessionByTitle()"],"duration":504,"failing":false,"failureDetails":[],"failureMessages":[],"fullName":"ChatSessionService activateSessionByTitle() returns ok:false when switching succeeded but verification title mismatches","invocations":1,"location":null,"numPassingAsserts":2,"retryReasons":[],"startAt":1774405684847,"status":"passed","title":"returns ok:false when switching succeeded but verification title mismatches"},{"ancestorTitles":["ChatSessionService","activateSessionByTitle()"],"duration":502,"failing":false,"failureDetails":[],"failureMessages":[],"fullName":"ChatSessionService activateSessionByTitle() falls back to Past Conversations flow when direct side-panel search cannot find the chat","invocations":1,"location":null,"numPassingAsserts":1,"retryReasons":[],"startAt":1774405685351,"status":"passed","title":"falls back to Past Conversations flow when direct side-panel search cannot find the chat"},{"ancestorTitles":["ChatSessionService","activateSessionByTitle()"],"duration":506,"failing":false,"failureDetails":[],"failureMessages":[],"fullName":"ChatSessionService activateSessionByTitle() retries activation while UI is still loading and eventually succeeds","invocations":1,"location":null,"numPassingAsserts":2,"retryReasons":[],"startAt":1774405685853,"status":"passed","title":"retries activation while UI is still loading and eventually succeeds"},{"ancestorTitles":["ChatSessionService","activateSessionByTitle()"],"duration":2,"failing":false,"failureDetails":[],"failureMessages":[],"fullName":"ChatSessionService activateSessionByTitle() returns ok:false for empty title","invocations":1,"location":null,"numPassingAsserts":2,"retryReasons":[],"startAt":1774405686359,"status":"passed","title":"returns ok:false for empty title"},{"ancestorTitles":["ChatSessionService","activateSessionByTitle()"],"duration":7,"failing":false,"failureDetails":[],"failureMessages":[],"fullName":"ChatSessionService activateSessionByTitle() returns direct and past errors when both activation paths fail","invocations":1,"location":null,"numPassingAsserts":4,"retryReasons":[],"startAt":1774405686361,"status":"passed","title":"returns direct and past errors when both activation paths fail"},{"ancestorTitles":["ChatSessionService","listAllSessions()"],"duration":503,"failing":false,"failureDetails":[],"failureMessages":[],"fullName":"ChatSessionService listAllSessions() opens Past Conversations via CDP mouse click and returns scraped sessions","invocations":1,"location":null,"numPassingAsserts":3,"retryReasons":[],"startAt":1774405686368,"status":"passed","title":"opens Past Conversations via CDP mouse click and returns scraped sessions"},{"ancestorTitles":["ChatSessionService","listAllSessions()"],"duration":1004,"failing":false,"failureDetails":[],"failureMessages":[],"fullName":"ChatSessionService listAllSessions() clicks \"Show more\" when fewer than 10 sessions found initially","invocations":1,"location":null,"numPassingAsserts":2,"retryReasons":[],"startAt":1774405686871,"status":"passed","title":"clicks \"Show more\" when fewer than 10 sessions found initially"},{"ancestorTitles":["ChatSessionService","listAllSessions()"],"duration":2,"failing":false,"failureDetails":[],"failureMessages":[],"fullName":"ChatSessionService listAllSessions() returns empty array when Past Conversations button not found","invocations":1,"location":null,"numPassingAsserts":1,"retryReasons":[],"startAt":1774405687875,"status":"passed","title":"returns empty array when Past Conversations button not found"},{"ancestorTitles":["ChatSessionService","listAllSessions()"],"duration":2,"failing":false,"failureDetails":[],"failureMessages":[],"fullName":"ChatSessionService listAllSessions() returns empty array when CDP call throws","invocations":1,"location":null,"numPassingAsserts":1,"retryReasons":[],"startAt":1774405687877,"status":"passed","title":"returns empty array when CDP call throws"},{"ancestorTitles":["ChatSessionService","listAllSessions()"],"duration":502,"failing":false,"failureDetails":[],"failureMessages":[],"fullName":"ChatSessionService listAllSessions() closes panel with Escape key after scraping","invocations":1,"location":null,"numPassingAsserts":1,"retryReasons":[],"startAt":1774405687879,"status":"passed","title":"closes panel with Escape key after scraping"}],"endTime":1774405688382,"message":"","name":"/Users/mac/Code/remoat/tests/services/chatSessionService.test.ts","startTime":1774405657605,"status":"passed","summary":""}],"wasInterrupted":false}
